<?xml version="1.0" encoding="utf-8"?>
<shfbBuild product="Sandcastle Help File Builder and Tools" version="2015.7.25.0" projectFile="C:\Projects\webdriver\dotnet\docs\docs.shfbproj" started="2/16/2017 8:04:17 AM">
<buildStep step="Initializing">
Finding tools...
The Sandcastle tools are located in &#39;C:\Program Files (x86)\EWSoftware\Sandcastle Help File Builder\&#39;
Searching for HTML Help 1 compiler...
Found HTML Help 1 compiler in &#39;C:\Program Files (x86)\HTML Help Workshop\&#39;
Locating components in the following folder(s):
    C:\Projects\webdriver\dotnet\docs
    C:\ProgramData\EWSoftware\Sandcastle Help File Builder\Components and Plug-Ins\
    C:\Program Files (x86)\EWSoftware\Sandcastle Help File Builder\
Framework reflection data location: C:\Program Files (x86)\EWSoftware\Sandcastle Help File Builder\Data\.NETFramework
Using presentation style &#39;VS2010&#39; located in &#39;C:\Program Files (x86)\EWSoftware\Sandcastle Help File Builder\PresentationStyles\VS2010&#39;
-------------------------------
Clearing any prior web/markdown output...
</buildStep>
<buildStep step="ValidatingDocumentationSources">
Validating and copying documentation source information
Source: C:\Projects\webdriver\build\dotnet\dist\net40\WebDriver.dll
    Found assembly &#39;C:\Projects\webdriver\build\dotnet\dist\net40\WebDriver.dll&#39;
Source: C:\Projects\webdriver\build\dotnet\dist\net40\WebDriver.xml
Source: C:\Projects\webdriver\build\dotnet\dist\net40\WebDriver.Support.dll
    Found assembly &#39;C:\Projects\webdriver\build\dotnet\dist\net40\WebDriver.Support.dll&#39;
Source: C:\Projects\webdriver\build\dotnet\dist\net40\WebDriver.Support.xml
Source: C:\Projects\webdriver\build\dotnet\dist\net40\ThoughtWorks.Selenium.Core.dll
    Found assembly &#39;C:\Projects\webdriver\build\dotnet\dist\net40\ThoughtWorks.Selenium.Core.dll&#39;
Source: C:\Projects\webdriver\build\dotnet\dist\net40\ThoughtWorks.Selenium.Core.xml
Source: C:\Projects\webdriver\build\dotnet\dist\net40\Selenium.WebDriverBackedSelenium.dll
    Found assembly &#39;C:\Projects\webdriver\build\dotnet\dist\net40\Selenium.WebDriverBackedSelenium.dll&#39;
Source: C:\Projects\webdriver\build\dotnet\dist\net40\Selenium.WebDriverBackedSelenium.xml

Copying XML comments files
    C:\Projects\webdriver\build\dotnet\dist\net40\WebDriver.xml -&gt; C:\Projects\webdriver\build\docs\dotnet\web\Working\WebDriver.xml
    C:\Projects\webdriver\build\dotnet\dist\net40\WebDriver.Support.xml -&gt; C:\Projects\webdriver\build\docs\dotnet\web\Working\WebDriver.Support.xml
    C:\Projects\webdriver\build\dotnet\dist\net40\ThoughtWorks.Selenium.Core.xml -&gt; C:\Projects\webdriver\build\docs\dotnet\web\Working\ThoughtWorks.Selenium.Core.xml
    C:\Projects\webdriver\build\dotnet\dist\net40\Selenium.WebDriverBackedSelenium.xml -&gt; C:\Projects\webdriver\build\docs\dotnet\web\Working\Selenium.WebDriverBackedSelenium.xml
</buildStep>
<buildStep step="GenerateSharedContent">
Generating shared content files (en-US, English (United States))...
    Last step completed in 00:00:00.0314
</buildStep>
<buildStep step="GenerateApiFilter">
Generating API filter for MRefBuilder...
    Last step completed in 00:00:00.0630
</buildStep>
<buildStep step="GenerateReflectionInfo">
Generating reflection information...
[C:\Windows\Microsoft.NET\Framework\v4.0.30319\MSBuild.exe - GenerateRefInfo.proj]
Build started 2/16/2017 8:04:19 AM.
Project &quot;C:\Projects\webdriver\build\docs\dotnet\web\Working\GenerateRefInfo.proj&quot; on node 1 (default targets).
Project file contains ToolsVersion=&quot;12.0&quot;. This toolset may be unknown or missing, in which case you may be able to resolve this by installing the appropriate version of MSBuild, or the build may have been forced to a particular ToolsVersion for policy reasons. Treating the project as if it had ToolsVersion=&quot;4.0&quot;. For more information, please see http://go.microsoft.com/fwlink/?LinkId=291333.
PrepareForBuild:
  Creating directory &quot;obj\Debug\&quot;.
GenerateRefInfo:
  MRefBuilder (v2015.7.25.0)
  Copyright c 2006-2015, Microsoft Corporation, All Rights Reserved.
  Portions Copyright c 2006-2015, Eric Woodruff, All Rights Reserved.
  Loaded 4 assemblies for reflection and 1 dependency assemblies.
  Wrote information on 19 namespaces, 201 types, and 1778 members
  Copying file from &quot;reflection.org&quot; to &quot;reflection.all&quot;.
  XslTransform (v2015.7.25.0)
  Copyright c 2006-2015, Microsoft Corporation, All Rights Reserved.
  Portions Copyright c 2006-2015, Eric Woodruff, All Rights Reserved.
  Applying XSL transformation &#39;C:\Program Files (x86)\EWSoftware\Sandcastle Help File Builder\ProductionTransforms\MergeDuplicates.xsl&#39;.
Done Building Project &quot;C:\Projects\webdriver\build\docs\dotnet\web\Working\GenerateRefInfo.proj&quot; (default targets).

Build succeeded.

Time Elapsed 00:00:00.97
    Last step completed in 00:00:01.1243
</buildStep>
<buildStep step="TransformReflectionInfo">
Transforming reflection output...
[C:\Windows\Microsoft.NET\Framework\v4.0.30319\MSBuild.exe - TransformManifest.proj]
Build started 2/16/2017 8:04:20 AM.
Project &quot;C:\Projects\webdriver\build\docs\dotnet\web\Working\TransformManifest.proj&quot; on node 1 (default targets).
Project file contains ToolsVersion=&quot;12.0&quot;. This toolset may be unknown or missing, in which case you may be able to resolve this by installing the appropriate version of MSBuild, or the build may have been forced to a particular ToolsVersion for policy reasons. Treating the project as if it had ToolsVersion=&quot;4.0&quot;. For more information, please see http://go.microsoft.com/fwlink/?LinkId=291333.
TransformManifest:
  XslTransform (v2015.7.25.0)
  Copyright c 2006-2015, Microsoft Corporation, All Rights Reserved.
  Portions Copyright c 2006-2015, Eric Woodruff, All Rights Reserved.
  Applying XSL transformation &#39;C:\Program Files (x86)\EWSoftware\Sandcastle Help File Builder\\ProductionTransforms\ApplyVSDocModel.xsl&#39;.
  Copying file from &quot;reflection.xml&quot; to &quot;reflection.nofilenames&quot;.
  XslTransform (v2015.7.25.0)
  Copyright c 2006-2015, Microsoft Corporation, All Rights Reserved.
  Portions Copyright c 2006-2015, Eric Woodruff, All Rights Reserved.
  Applying XSL transformation &#39;C:\Program Files (x86)\EWSoftware\Sandcastle Help File Builder\ProductionTransforms\AddFilenames.xsl&#39;.
    Unique name M_OpenQA_Selenium_By__ctor_1 generated for M:OpenQA.Selenium.By.#ctor(System.Func{OpenQA.Selenium.ISearchContext,OpenQA.Selenium.IWebElement},System.Func{OpenQA.Selenium.ISearchContext,System.Collections.ObjectModel.ReadOnlyCollection{OpenQA.Selenium.IWebElement}})
    Unique name M_OpenQA_Selenium_Cookie__ctor_1 generated for M:OpenQA.Selenium.Cookie.#ctor(System.String,System.String,System.String)
    Unique name M_OpenQA_Selenium_Cookie__ctor_2 generated for M:OpenQA.Selenium.Cookie.#ctor(System.String,System.String,System.String,System.Nullable{System.DateTime})
    Unique name M_OpenQA_Selenium_Cookie__ctor_3 generated for M:OpenQA.Selenium.Cookie.#ctor(System.String,System.String,System.String,System.String,System.Nullable{System.DateTime})
    Unique name M_OpenQA_Selenium_DriverService_Dispose_1 generated for M:OpenQA.Selenium.DriverService.Dispose(System.Boolean)
    Unique name M_OpenQA_Selenium_DriverServiceNotFoundException__ctor_1 generated for M:OpenQA.Selenium.DriverServiceNotFoundException.#ctor(System.Runtime.Serialization.SerializationInfo,System.Runtime.Serialization.StreamingContext)
    Unique name M_OpenQA_Selenium_DriverServiceNotFoundException__ctor_2 generated for M:OpenQA.Selenium.DriverServiceNotFoundException.#ctor(System.String)
    Unique name M_OpenQA_Selenium_DriverServiceNotFoundException__ctor_3 generated for M:OpenQA.Selenium.DriverServiceNotFoundException.#ctor(System.String,System.Exception)
    Unique name M_OpenQA_Selenium_ElementNotVisibleException__ctor_1 generated for M:OpenQA.Selenium.ElementNotVisibleException.#ctor(System.Runtime.Serialization.SerializationInfo,System.Runtime.Serialization.StreamingContext)
    Unique name M_OpenQA_Selenium_ElementNotVisibleException__ctor_2 generated for M:OpenQA.Selenium.ElementNotVisibleException.#ctor(System.String)
    Unique name M_OpenQA_Selenium_ElementNotVisibleException__ctor_3 generated for M:OpenQA.Selenium.ElementNotVisibleException.#ctor(System.String,System.Exception)
    Unique name M_OpenQA_Selenium_IMouse_MouseMove_1 generated for M:OpenQA.Selenium.IMouse.MouseMove(OpenQA.Selenium.Interactions.Internal.ICoordinates,System.Int32,System.Int32)
    Unique name M_OpenQA_Selenium_INavigation_GoToUrl_1 generated for M:OpenQA.Selenium.INavigation.GoToUrl(System.Uri)
    Unique name M_OpenQA_Selenium_InvalidCookieDomainException__ctor_1 generated for M:OpenQA.Selenium.InvalidCookieDomainException.#ctor(System.Runtime.Serialization.SerializationInfo,System.Runtime.Serialization.StreamingContext)
    Unique name M_OpenQA_Selenium_InvalidCookieDomainException__ctor_2 generated for M:OpenQA.Selenium.InvalidCookieDomainException.#ctor(System.String)
    Unique name M_OpenQA_Selenium_InvalidCookieDomainException__ctor_3 generated for M:OpenQA.Selenium.InvalidCookieDomainException.#ctor(System.String,System.Exception)
    Unique name M_OpenQA_Selenium_InvalidElementStateException__ctor_1 generated for M:OpenQA.Selenium.InvalidElementStateException.#ctor(System.Runtime.Serialization.SerializationInfo,System.Runtime.Serialization.StreamingContext)
    Unique name M_OpenQA_Selenium_InvalidElementStateException__ctor_2 generated for M:OpenQA.Selenium.InvalidElementStateException.#ctor(System.String)
    Unique name M_OpenQA_Selenium_InvalidElementStateException__ctor_3 generated for M:OpenQA.Selenium.InvalidElementStateException.#ctor(System.String,System.Exception)
    Unique name M_OpenQA_Selenium_InvalidSelectorException__ctor_1 generated for M:OpenQA.Selenium.InvalidSelectorException.#ctor(System.Runtime.Serialization.SerializationInfo,System.Runtime.Serialization.StreamingContext)
    Unique name M_OpenQA_Selenium_InvalidSelectorException__ctor_2 generated for M:OpenQA.Selenium.InvalidSelectorException.#ctor(System.String)
    Unique name M_OpenQA_Selenium_InvalidSelectorException__ctor_3 generated for M:OpenQA.Selenium.InvalidSelectorException.#ctor(System.String,System.Exception)
    Unique name M_OpenQA_Selenium_ITargetLocator_Frame_1 generated for M:OpenQA.Selenium.ITargetLocator.Frame(System.Int32)
    Unique name M_OpenQA_Selenium_ITargetLocator_Frame_2 generated for M:OpenQA.Selenium.ITargetLocator.Frame(System.String)
    Unique name M_OpenQA_Selenium_ITouchScreen_Flick_1 generated for M:OpenQA.Selenium.ITouchScreen.Flick(System.Int32,System.Int32)
    Unique name M_OpenQA_Selenium_ITouchScreen_Scroll_1 generated for M:OpenQA.Selenium.ITouchScreen.Scroll(System.Int32,System.Int32)
    Unique name M_OpenQA_Selenium_NoAlertPresentException__ctor_1 generated for M:OpenQA.Selenium.NoAlertPresentException.#ctor(System.Runtime.Serialization.SerializationInfo,System.Runtime.Serialization.StreamingContext)
    Unique name M_OpenQA_Selenium_NoAlertPresentException__ctor_2 generated for M:OpenQA.Selenium.NoAlertPresentException.#ctor(System.String)
    Unique name M_OpenQA_Selenium_NoAlertPresentException__ctor_3 generated for M:OpenQA.Selenium.NoAlertPresentException.#ctor(System.String,System.Exception)
    Unique name M_OpenQA_Selenium_NoSuchElementException__ctor_1 generated for M:OpenQA.Selenium.NoSuchElementException.#ctor(System.Runtime.Serialization.SerializationInfo,System.Runtime.Serialization.StreamingContext)
    Unique name M_OpenQA_Selenium_NoSuchElementException__ctor_2 generated for M:OpenQA.Selenium.NoSuchElementException.#ctor(System.String)
    Unique name M_OpenQA_Selenium_NoSuchElementException__ctor_3 generated for M:OpenQA.Selenium.NoSuchElementException.#ctor(System.String,System.Exception)
    Unique name M_OpenQA_Selenium_NoSuchFrameException__ctor_1 generated for M:OpenQA.Selenium.NoSuchFrameException.#ctor(System.Runtime.Serialization.SerializationInfo,System.Runtime.Serialization.StreamingContext)
    Unique name M_OpenQA_Selenium_NoSuchFrameException__ctor_2 generated for M:OpenQA.Selenium.NoSuchFrameException.#ctor(System.String)
    Unique name M_OpenQA_Selenium_NoSuchFrameException__ctor_3 generated for M:OpenQA.Selenium.NoSuchFrameException.#ctor(System.String,System.Exception)
    Unique name M_OpenQA_Selenium_NoSuchWindowException__ctor_1 generated for M:OpenQA.Selenium.NoSuchWindowException.#ctor(System.Runtime.Serialization.SerializationInfo,System.Runtime.Serialization.StreamingContext)
    Unique name M_OpenQA_Selenium_NoSuchWindowException__ctor_2 generated for M:OpenQA.Selenium.NoSuchWindowException.#ctor(System.String)
    Unique name M_OpenQA_Selenium_NoSuchWindowException__ctor_3 generated for M:OpenQA.Selenium.NoSuchWindowException.#ctor(System.String,System.Exception)
    Unique name M_OpenQA_Selenium_NotFoundException__ctor_1 generated for M:OpenQA.Selenium.NotFoundException.#ctor(System.Runtime.Serialization.SerializationInfo,System.Runtime.Serialization.StreamingContext)
    Unique name M_OpenQA_Selenium_NotFoundException__ctor_2 generated for M:OpenQA.Selenium.NotFoundException.#ctor(System.String)
    Unique name M_OpenQA_Selenium_NotFoundException__ctor_3 generated for M:OpenQA.Selenium.NotFoundException.#ctor(System.String,System.Exception)
    Unique name M_OpenQA_Selenium_Proxy__ctor_1 generated for M:OpenQA.Selenium.Proxy.#ctor(System.Collections.Generic.Dictionary{System.String,System.Object})
    Unique name M_OpenQA_Selenium_Screenshot_SaveAsFile_1 generated for M:OpenQA.Selenium.Screenshot.SaveAsFile(System.String,System.Drawing.Imaging.ImageFormat)
    Unique name M_OpenQA_Selenium_StaleElementReferenceException__ctor_1 generated for M:OpenQA.Selenium.StaleElementReferenceException.#ctor(System.Runtime.Serialization.SerializationInfo,System.Runtime.Serialization.StreamingContext)
    Unique name M_OpenQA_Selenium_StaleElementReferenceException__ctor_2 generated for M:OpenQA.Selenium.StaleElementReferenceException.#ctor(System.String)
    Unique name M_OpenQA_Selenium_StaleElementReferenceException__ctor_3 generated for M:OpenQA.Selenium.StaleElementReferenceException.#ctor(System.String,System.Exception)
    Unique name M_OpenQA_Selenium_UnableToSetCookieException__ctor_1 generated for M:OpenQA.Selenium.UnableToSetCookieException.#ctor(System.Runtime.Serialization.SerializationInfo,System.Runtime.Serialization.StreamingContext)
    Unique name M_OpenQA_Selenium_UnableToSetCookieException__ctor_2 generated for M:OpenQA.Selenium.UnableToSetCookieException.#ctor(System.String)
    Unique name M_OpenQA_Selenium_UnableToSetCookieException__ctor_3 generated for M:OpenQA.Selenium.UnableToSetCookieException.#ctor(System.String,System.Exception)
    Unique name M_OpenQA_Selenium_UnhandledAlertException__ctor_1 generated for M:OpenQA.Selenium.UnhandledAlertException.#ctor(System.Runtime.Serialization.SerializationInfo,System.Runtime.Serialization.StreamingContext)
    Unique name M_OpenQA_Selenium_UnhandledAlertException__ctor_2 generated for M:OpenQA.Selenium.UnhandledAlertException.#ctor(System.String)
    Unique name M_OpenQA_Selenium_UnhandledAlertException__ctor_3 generated for M:OpenQA.Selenium.UnhandledAlertException.#ctor(System.String,System.Exception)
    Unique name M_OpenQA_Selenium_UnhandledAlertException__ctor_4 generated for M:OpenQA.Selenium.UnhandledAlertException.#ctor(System.String,System.String)
    Unique name M_OpenQA_Selenium_WebDriverException__ctor_1 generated for M:OpenQA.Selenium.WebDriverException.#ctor(System.Runtime.Serialization.SerializationInfo,System.Runtime.Serialization.StreamingContext)
    Unique name M_OpenQA_Selenium_WebDriverException__ctor_2 generated for M:OpenQA.Selenium.WebDriverException.#ctor(System.String)
    Unique name M_OpenQA_Selenium_WebDriverException__ctor_3 generated for M:OpenQA.Selenium.WebDriverException.#ctor(System.String,System.Exception)
    Unique name M_OpenQA_Selenium_WebDriverTimeoutException__ctor_1 generated for M:OpenQA.Selenium.WebDriverTimeoutException.#ctor(System.Runtime.Serialization.SerializationInfo,System.Runtime.Serialization.StreamingContext)
    Unique name M_OpenQA_Selenium_WebDriverTimeoutException__ctor_2 generated for M:OpenQA.Selenium.WebDriverTimeoutException.#ctor(System.String)
    Unique name M_OpenQA_Selenium_WebDriverTimeoutException__ctor_3 generated for M:OpenQA.Selenium.WebDriverTimeoutException.#ctor(System.String,System.Exception)
    Unique name M_OpenQA_Selenium_XPathLookupException__ctor_1 generated for M:OpenQA.Selenium.XPathLookupException.#ctor(System.Runtime.Serialization.SerializationInfo,System.Runtime.Serialization.StreamingContext)
    Unique name M_OpenQA_Selenium_XPathLookupException__ctor_2 generated for M:OpenQA.Selenium.XPathLookupException.#ctor(System.String)
    Unique name M_OpenQA_Selenium_XPathLookupException__ctor_3 generated for M:OpenQA.Selenium.XPathLookupException.#ctor(System.String,System.Exception)
    Unique name M_OpenQA_Selenium_Chrome_ChromeDriver__ctor_1 generated for M:OpenQA.Selenium.Chrome.ChromeDriver.#ctor(OpenQA.Selenium.Chrome.ChromeDriverService)
    Unique name M_OpenQA_Selenium_Chrome_ChromeDriver__ctor_2 generated for M:OpenQA.Selenium.Chrome.ChromeDriver.#ctor(OpenQA.Selenium.Chrome.ChromeDriverService,OpenQA.Selenium.Chrome.ChromeOptions)
    Unique name M_OpenQA_Selenium_Chrome_ChromeDriver__ctor_3 generated for M:OpenQA.Selenium.Chrome.ChromeDriver.#ctor(OpenQA.Selenium.Chrome.ChromeDriverService,OpenQA.Selenium.Chrome.ChromeOptions,System.TimeSpan)
    Unique name M_OpenQA_Selenium_Chrome_ChromeDriver__ctor_4 generated for M:OpenQA.Selenium.Chrome.ChromeDriver.#ctor(OpenQA.Selenium.Chrome.ChromeOptions)
    Unique name M_OpenQA_Selenium_Chrome_ChromeDriver__ctor_5 generated for M:OpenQA.Selenium.Chrome.ChromeDriver.#ctor(System.String)
    Unique name M_OpenQA_Selenium_Chrome_ChromeDriver__ctor_6 generated for M:OpenQA.Selenium.Chrome.ChromeDriver.#ctor(System.String,OpenQA.Selenium.Chrome.ChromeOptions)
    Unique name M_OpenQA_Selenium_Chrome_ChromeDriver__ctor_7 generated for M:OpenQA.Selenium.Chrome.ChromeDriver.#ctor(System.String,OpenQA.Selenium.Chrome.ChromeOptions,System.TimeSpan)
    Unique name M_OpenQA_Selenium_Chrome_ChromeDriverService_CreateDefaultService_1 generated for M:OpenQA.Selenium.Chrome.ChromeDriverService.CreateDefaultService(System.String)
    Unique name M_OpenQA_Selenium_Chrome_ChromeDriverService_CreateDefaultService_2 generated for M:OpenQA.Selenium.Chrome.ChromeDriverService.CreateDefaultService(System.String,System.String)
    Unique name M_OpenQA_Selenium_Chrome_ChromeMobileEmulationDeviceSettings__ctor_1 generated for M:OpenQA.Selenium.Chrome.ChromeMobileEmulationDeviceSettings.#ctor(System.String)
    Unique name M_OpenQA_Selenium_Chrome_ChromeOptions_AddAdditionalCapability_1 generated for M:OpenQA.Selenium.Chrome.ChromeOptions.AddAdditionalCapability(System.String,System.Object,System.Boolean)
    Unique name M_OpenQA_Selenium_Chrome_ChromeOptions_AddArguments_1 generated for M:OpenQA.Selenium.Chrome.ChromeOptions.AddArguments(System.String[])
    Unique name M_OpenQA_Selenium_Chrome_ChromeOptions_AddEncodedExtensions_1 generated for M:OpenQA.Selenium.Chrome.ChromeOptions.AddEncodedExtensions(System.String[])
    Unique name M_OpenQA_Selenium_Chrome_ChromeOptions_AddExcludedArguments_1 generated for M:OpenQA.Selenium.Chrome.ChromeOptions.AddExcludedArguments(System.String[])
    Unique name M_OpenQA_Selenium_Chrome_ChromeOptions_AddExtensions_1 generated for M:OpenQA.Selenium.Chrome.ChromeOptions.AddExtensions(System.String[])
    Unique name M_OpenQA_Selenium_Chrome_ChromeOptions_AddWindowTypes_1 generated for M:OpenQA.Selenium.Chrome.ChromeOptions.AddWindowTypes(System.String[])
    Unique name M_OpenQA_Selenium_Chrome_ChromeOptions_EnableMobileEmulation_1 generated for M:OpenQA.Selenium.Chrome.ChromeOptions.EnableMobileEmulation(System.String)
    Unique name M_OpenQA_Selenium_Chrome_ChromePerformanceLoggingPreferences_AddTracingCategories_1 generated for M:OpenQA.Selenium.Chrome.ChromePerformanceLoggingPreferences.AddTracingCategories(System.String[])
    Unique name M_OpenQA_Selenium_Edge_EdgeDriver__ctor_1 generated for M:OpenQA.Selenium.Edge.EdgeDriver.#ctor(OpenQA.Selenium.Edge.EdgeDriverService)
    Unique name M_OpenQA_Selenium_Edge_EdgeDriver__ctor_2 generated for M:OpenQA.Selenium.Edge.EdgeDriver.#ctor(OpenQA.Selenium.Edge.EdgeDriverService,OpenQA.Selenium.Edge.EdgeOptions)
    Unique name M_OpenQA_Selenium_Edge_EdgeDriver__ctor_3 generated for M:OpenQA.Selenium.Edge.EdgeDriver.#ctor(OpenQA.Selenium.Edge.EdgeDriverService,OpenQA.Selenium.Edge.EdgeOptions,System.TimeSpan)
    Unique name M_OpenQA_Selenium_Edge_EdgeDriver__ctor_4 generated for M:OpenQA.Selenium.Edge.EdgeDriver.#ctor(OpenQA.Selenium.Edge.EdgeOptions)
    Unique name M_OpenQA_Selenium_Edge_EdgeDriver__ctor_5 generated for M:OpenQA.Selenium.Edge.EdgeDriver.#ctor(System.String)
    Unique name M_OpenQA_Selenium_Edge_EdgeDriver__ctor_6 generated for M:OpenQA.Selenium.Edge.EdgeDriver.#ctor(System.String,OpenQA.Selenium.Edge.EdgeOptions)
    Unique name M_OpenQA_Selenium_Edge_EdgeDriver__ctor_7 generated for M:OpenQA.Selenium.Edge.EdgeDriver.#ctor(System.String,OpenQA.Selenium.Edge.EdgeOptions,System.TimeSpan)
    Unique name M_OpenQA_Selenium_Edge_EdgeDriverService_CreateDefaultService_1 generated for M:OpenQA.Selenium.Edge.EdgeDriverService.CreateDefaultService(System.String)
    Unique name M_OpenQA_Selenium_Edge_EdgeDriverService_CreateDefaultService_2 generated for M:OpenQA.Selenium.Edge.EdgeDriverService.CreateDefaultService(System.String,System.String)
    Unique name M_OpenQA_Selenium_Edge_EdgeDriverService_CreateDefaultService_3 generated for M:OpenQA.Selenium.Edge.EdgeDriverService.CreateDefaultService(System.String,System.String,System.Int32)
    Unique name M_OpenQA_Selenium_Firefox_FirefoxBinary__ctor_1 generated for M:OpenQA.Selenium.Firefox.FirefoxBinary.#ctor(System.String)
    Unique name M_OpenQA_Selenium_Firefox_FirefoxBinary_Dispose_1 generated for M:OpenQA.Selenium.Firefox.FirefoxBinary.Dispose(System.Boolean)
    Unique name M_OpenQA_Selenium_Firefox_FirefoxDriver__ctor_1 generated for M:OpenQA.Selenium.Firefox.FirefoxDriver.#ctor(OpenQA.Selenium.Firefox.FirefoxBinary,OpenQA.Selenium.Firefox.FirefoxProfile)
    Unique name M_OpenQA_Selenium_Firefox_FirefoxDriver__ctor_2 generated for M:OpenQA.Selenium.Firefox.FirefoxDriver.#ctor(OpenQA.Selenium.Firefox.FirefoxBinary,OpenQA.Selenium.Firefox.FirefoxProfile,System.TimeSpan)
    Unique name M_OpenQA_Selenium_Firefox_FirefoxDriver__ctor_3 generated for M:OpenQA.Selenium.Firefox.FirefoxDriver.#ctor(OpenQA.Selenium.Firefox.FirefoxDriverService)
    Unique name M_OpenQA_Selenium_Firefox_FirefoxDriver__ctor_4 generated for M:OpenQA.Selenium.Firefox.FirefoxDriver.#ctor(OpenQA.Selenium.Firefox.FirefoxDriverService,OpenQA.Selenium.Firefox.FirefoxOptions,System.TimeSpan)
    Unique name M_OpenQA_Selenium_Firefox_FirefoxDriver__ctor_5 generated for M:OpenQA.Selenium.Firefox.FirefoxDriver.#ctor(OpenQA.Selenium.Firefox.FirefoxOptions)
    Unique name M_OpenQA_Selenium_Firefox_FirefoxDriver__ctor_6 generated for M:OpenQA.Selenium.Firefox.FirefoxDriver.#ctor(OpenQA.Selenium.Firefox.FirefoxProfile)
    Unique name M_OpenQA_Selenium_Firefox_FirefoxDriver__ctor_7 generated for M:OpenQA.Selenium.Firefox.FirefoxDriver.#ctor(OpenQA.Selenium.ICapabilities)
    Unique name M_OpenQA_Selenium_Firefox_FirefoxDriverCommandExecutor_Dispose_1 generated for M:OpenQA.Selenium.Firefox.FirefoxDriverCommandExecutor.Dispose(System.Boolean)
    Unique name M_OpenQA_Selenium_Firefox_FirefoxDriverServer_Dispose_1 generated for M:OpenQA.Selenium.Firefox.FirefoxDriverServer.Dispose(System.Boolean)
    Unique name M_OpenQA_Selenium_Firefox_FirefoxDriverService_CreateDefaultService_1 generated for M:OpenQA.Selenium.Firefox.FirefoxDriverService.CreateDefaultService(System.String)
    Unique name M_OpenQA_Selenium_Firefox_FirefoxDriverService_CreateDefaultService_2 generated for M:OpenQA.Selenium.Firefox.FirefoxDriverService.CreateDefaultService(System.String,System.String)
    Unique name M_OpenQA_Selenium_Firefox_FirefoxOptions_AddAdditionalCapability_1 generated for M:OpenQA.Selenium.Firefox.FirefoxOptions.AddAdditionalCapability(System.String,System.Object,System.Boolean)
    Unique name M_OpenQA_Selenium_Firefox_FirefoxOptions_AddArguments_1 generated for M:OpenQA.Selenium.Firefox.FirefoxOptions.AddArguments(System.String[])
    Unique name M_OpenQA_Selenium_Firefox_FirefoxOptions_SetPreference_1 generated for M:OpenQA.Selenium.Firefox.FirefoxOptions.SetPreference(System.String,System.Double)
    Unique name M_OpenQA_Selenium_Firefox_FirefoxOptions_SetPreference_2 generated for M:OpenQA.Selenium.Firefox.FirefoxOptions.SetPreference(System.String,System.Int32)
    Unique name M_OpenQA_Selenium_Firefox_FirefoxOptions_SetPreference_3 generated for M:OpenQA.Selenium.Firefox.FirefoxOptions.SetPreference(System.String,System.Int64)
    Unique name M_OpenQA_Selenium_Firefox_FirefoxOptions_SetPreference_4 generated for M:OpenQA.Selenium.Firefox.FirefoxOptions.SetPreference(System.String,System.String)
    Unique name M_OpenQA_Selenium_Firefox_FirefoxProfile__ctor_1 generated for M:OpenQA.Selenium.Firefox.FirefoxProfile.#ctor(System.String)
    Unique name M_OpenQA_Selenium_Firefox_FirefoxProfile__ctor_2 generated for M:OpenQA.Selenium.Firefox.FirefoxProfile.#ctor(System.String,System.Boolean)
    Unique name M_OpenQA_Selenium_Firefox_FirefoxProfile_SetPreference_1 generated for M:OpenQA.Selenium.Firefox.FirefoxProfile.SetPreference(System.String,System.Int32)
    Unique name M_OpenQA_Selenium_Firefox_FirefoxProfile_SetPreference_2 generated for M:OpenQA.Selenium.Firefox.FirefoxProfile.SetPreference(System.String,System.String)
    Unique name M_OpenQA_Selenium_IE_InternetExplorerDriver__ctor_1 generated for M:OpenQA.Selenium.IE.InternetExplorerDriver.#ctor(OpenQA.Selenium.IE.InternetExplorerDriverService)
    Unique name M_OpenQA_Selenium_IE_InternetExplorerDriver__ctor_2 generated for M:OpenQA.Selenium.IE.InternetExplorerDriver.#ctor(OpenQA.Selenium.IE.InternetExplorerDriverService,OpenQA.Selenium.IE.InternetExplorerOptions)
    Unique name M_OpenQA_Selenium_IE_InternetExplorerDriver__ctor_3 generated for M:OpenQA.Selenium.IE.InternetExplorerDriver.#ctor(OpenQA.Selenium.IE.InternetExplorerDriverService,OpenQA.Selenium.IE.InternetExplorerOptions,System.TimeSpan)
    Unique name M_OpenQA_Selenium_IE_InternetExplorerDriver__ctor_4 generated for M:OpenQA.Selenium.IE.InternetExplorerDriver.#ctor(OpenQA.Selenium.IE.InternetExplorerOptions)
    Unique name M_OpenQA_Selenium_IE_InternetExplorerDriver__ctor_5 generated for M:OpenQA.Selenium.IE.InternetExplorerDriver.#ctor(System.String)
    Unique name M_OpenQA_Selenium_IE_InternetExplorerDriver__ctor_6 generated for M:OpenQA.Selenium.IE.InternetExplorerDriver.#ctor(System.String,OpenQA.Selenium.IE.InternetExplorerOptions)
    Unique name M_OpenQA_Selenium_IE_InternetExplorerDriver__ctor_7 generated for M:OpenQA.Selenium.IE.InternetExplorerDriver.#ctor(System.String,OpenQA.Selenium.IE.InternetExplorerOptions,System.TimeSpan)
    Unique name M_OpenQA_Selenium_IE_InternetExplorerDriverService_CreateDefaultService_1 generated for M:OpenQA.Selenium.IE.InternetExplorerDriverService.CreateDefaultService(System.String)
    Unique name M_OpenQA_Selenium_IE_InternetExplorerDriverService_CreateDefaultService_2 generated for M:OpenQA.Selenium.IE.InternetExplorerDriverService.CreateDefaultService(System.String,System.String)
    Unique name M_OpenQA_Selenium_Interactions_Actions_Click_1 generated for M:OpenQA.Selenium.Interactions.Actions.Click(OpenQA.Selenium.IWebElement)
    Unique name M_OpenQA_Selenium_Interactions_Actions_ClickAndHold_1 generated for M:OpenQA.Selenium.Interactions.Actions.ClickAndHold(OpenQA.Selenium.IWebElement)
    Unique name M_OpenQA_Selenium_Interactions_Actions_ContextClick_1 generated for M:OpenQA.Selenium.Interactions.Actions.ContextClick(OpenQA.Selenium.IWebElement)
    Unique name M_OpenQA_Selenium_Interactions_Actions_DoubleClick_1 generated for M:OpenQA.Selenium.Interactions.Actions.DoubleClick(OpenQA.Selenium.IWebElement)
    Unique name M_OpenQA_Selenium_Interactions_Actions_KeyDown_1 generated for M:OpenQA.Selenium.Interactions.Actions.KeyDown(System.String)
    Unique name M_OpenQA_Selenium_Interactions_Actions_KeyUp_1 generated for M:OpenQA.Selenium.Interactions.Actions.KeyUp(System.String)
    Unique name M_OpenQA_Selenium_Interactions_Actions_MoveToElement_1 generated for M:OpenQA.Selenium.Interactions.Actions.MoveToElement(OpenQA.Selenium.IWebElement,System.Int32,System.Int32)
    Unique name M_OpenQA_Selenium_Interactions_Actions_Release_1 generated for M:OpenQA.Selenium.Interactions.Actions.Release(OpenQA.Selenium.IWebElement)
    Unique name M_OpenQA_Selenium_Interactions_Actions_SendKeys_1 generated for M:OpenQA.Selenium.Interactions.Actions.SendKeys(System.String)
    Unique name M_OpenQA_Selenium_Interactions_TouchActions_Flick_1 generated for M:OpenQA.Selenium.Interactions.TouchActions.Flick(System.Int32,System.Int32)
    Unique name M_OpenQA_Selenium_Interactions_TouchActions_Scroll_1 generated for M:OpenQA.Selenium.Interactions.TouchActions.Scroll(System.Int32,System.Int32)
    Unique name M_OpenQA_Selenium_Opera_OperaDriver__ctor_1 generated for M:OpenQA.Selenium.Opera.OperaDriver.#ctor(OpenQA.Selenium.Opera.OperaDriverService,OpenQA.Selenium.Opera.OperaOptions)
    Unique name M_OpenQA_Selenium_Opera_OperaDriver__ctor_2 generated for M:OpenQA.Selenium.Opera.OperaDriver.#ctor(OpenQA.Selenium.Opera.OperaDriverService,OpenQA.Selenium.Opera.OperaOptions,System.TimeSpan)
    Unique name M_OpenQA_Selenium_Opera_OperaDriver__ctor_3 generated for M:OpenQA.Selenium.Opera.OperaDriver.#ctor(OpenQA.Selenium.Opera.OperaOptions)
    Unique name M_OpenQA_Selenium_Opera_OperaDriver__ctor_4 generated for M:OpenQA.Selenium.Opera.OperaDriver.#ctor(System.String)
    Unique name M_OpenQA_Selenium_Opera_OperaDriver__ctor_5 generated for M:OpenQA.Selenium.Opera.OperaDriver.#ctor(System.String,OpenQA.Selenium.Opera.OperaOptions)
    Unique name M_OpenQA_Selenium_Opera_OperaDriver__ctor_6 generated for M:OpenQA.Selenium.Opera.OperaDriver.#ctor(System.String,OpenQA.Selenium.Opera.OperaOptions,System.TimeSpan)
    Unique name M_OpenQA_Selenium_Opera_OperaDriverService_CreateDefaultService_1 generated for M:OpenQA.Selenium.Opera.OperaDriverService.CreateDefaultService(System.String)
    Unique name M_OpenQA_Selenium_Opera_OperaDriverService_CreateDefaultService_2 generated for M:OpenQA.Selenium.Opera.OperaDriverService.CreateDefaultService(System.String,System.String)
    Unique name M_OpenQA_Selenium_Opera_OperaOptions_AddAdditionalCapability_1 generated for M:OpenQA.Selenium.Opera.OperaOptions.AddAdditionalCapability(System.String,System.Object,System.Boolean)
    Unique name M_OpenQA_Selenium_Opera_OperaOptions_AddArguments_1 generated for M:OpenQA.Selenium.Opera.OperaOptions.AddArguments(System.String[])
    Unique name M_OpenQA_Selenium_Opera_OperaOptions_AddEncodedExtensions_1 generated for M:OpenQA.Selenium.Opera.OperaOptions.AddEncodedExtensions(System.String[])
    Unique name M_OpenQA_Selenium_Opera_OperaOptions_AddExcludedArguments_1 generated for M:OpenQA.Selenium.Opera.OperaOptions.AddExcludedArguments(System.String[])
    Unique name M_OpenQA_Selenium_Opera_OperaOptions_AddExtensions_1 generated for M:OpenQA.Selenium.Opera.OperaOptions.AddExtensions(System.String[])
    Unique name M_OpenQA_Selenium_PhantomJS_PhantomJSDriver__ctor_1 generated for M:OpenQA.Selenium.PhantomJS.PhantomJSDriver.#ctor(OpenQA.Selenium.PhantomJS.PhantomJSDriverService)
    Unique name M_OpenQA_Selenium_PhantomJS_PhantomJSDriver__ctor_2 generated for M:OpenQA.Selenium.PhantomJS.PhantomJSDriver.#ctor(OpenQA.Selenium.PhantomJS.PhantomJSDriverService,OpenQA.Selenium.PhantomJS.PhantomJSOptions)
    Unique name M_OpenQA_Selenium_PhantomJS_PhantomJSDriver__ctor_3 generated for M:OpenQA.Selenium.PhantomJS.PhantomJSDriver.#ctor(OpenQA.Selenium.PhantomJS.PhantomJSDriverService,OpenQA.Selenium.PhantomJS.PhantomJSOptions,System.TimeSpan)
    Unique name M_OpenQA_Selenium_PhantomJS_PhantomJSDriver__ctor_4 generated for M:OpenQA.Selenium.PhantomJS.PhantomJSDriver.#ctor(OpenQA.Selenium.PhantomJS.PhantomJSOptions)
    Unique name M_OpenQA_Selenium_PhantomJS_PhantomJSDriver__ctor_5 generated for M:OpenQA.Selenium.PhantomJS.PhantomJSDriver.#ctor(System.String)
    Unique name M_OpenQA_Selenium_PhantomJS_PhantomJSDriver__ctor_6 generated for M:OpenQA.Selenium.PhantomJS.PhantomJSDriver.#ctor(System.String,OpenQA.Selenium.PhantomJS.PhantomJSOptions)
    Unique name M_OpenQA_Selenium_PhantomJS_PhantomJSDriver__ctor_7 generated for M:OpenQA.Selenium.PhantomJS.PhantomJSDriver.#ctor(System.String,OpenQA.Selenium.PhantomJS.PhantomJSOptions,System.TimeSpan)
    Unique name M_OpenQA_Selenium_PhantomJS_PhantomJSDriverService_AddArguments_1 generated for M:OpenQA.Selenium.PhantomJS.PhantomJSDriverService.AddArguments(System.String[])
    Unique name M_OpenQA_Selenium_PhantomJS_PhantomJSDriverService_CreateDefaultService_1 generated for M:OpenQA.Selenium.PhantomJS.PhantomJSDriverService.CreateDefaultService(System.String)
    Unique name M_OpenQA_Selenium_PhantomJS_PhantomJSDriverService_CreateDefaultService_2 generated for M:OpenQA.Selenium.PhantomJS.PhantomJSDriverService.CreateDefaultService(System.String,System.String)
    Unique name M_OpenQA_Selenium_Remote_Command__ctor_1 generated for M:OpenQA.Selenium.Remote.Command.#ctor(System.String,System.String)
    Unique name M_OpenQA_Selenium_Remote_DesiredCapabilities__ctor_1 generated for M:OpenQA.Selenium.Remote.DesiredCapabilities.#ctor(System.Collections.Generic.Dictionary{System.String,System.Object})
    Unique name M_OpenQA_Selenium_Remote_DesiredCapabilities__ctor_2 generated for M:OpenQA.Selenium.Remote.DesiredCapabilities.#ctor(System.String,System.String,OpenQA.Selenium.Platform)
    Unique name M_OpenQA_Selenium_Remote_ErrorResponse__ctor_1 generated for M:OpenQA.Selenium.Remote.ErrorResponse.#ctor(System.Collections.Generic.Dictionary{System.String,System.Object})
    Unique name M_OpenQA_Selenium_Remote_RemoteTouchScreen_Flick_1 generated for M:OpenQA.Selenium.Remote.RemoteTouchScreen.Flick(System.Int32,System.Int32)
    Unique name M_OpenQA_Selenium_Remote_RemoteTouchScreen_Scroll_1 generated for M:OpenQA.Selenium.Remote.RemoteTouchScreen.Scroll(System.Int32,System.Int32)
    Unique name M_OpenQA_Selenium_Remote_RemoteWebDriver__ctor_1 generated for M:OpenQA.Selenium.Remote.RemoteWebDriver.#ctor(OpenQA.Selenium.Remote.ICommandExecutor,OpenQA.Selenium.ICapabilities)
    Unique name M_OpenQA_Selenium_Remote_RemoteWebDriver__ctor_2 generated for M:OpenQA.Selenium.Remote.RemoteWebDriver.#ctor(System.Uri,OpenQA.Selenium.ICapabilities)
    Unique name M_OpenQA_Selenium_Remote_RemoteWebDriver__ctor_3 generated for M:OpenQA.Selenium.Remote.RemoteWebDriver.#ctor(System.Uri,OpenQA.Selenium.ICapabilities,System.TimeSpan)
    Unique name M_OpenQA_Selenium_Remote_RemoteWebDriver_Dispose_1 generated for M:OpenQA.Selenium.Remote.RemoteWebDriver.Dispose(System.Boolean)
    Unique name M_OpenQA_Selenium_Remote_RemoteWebDriver_FindElement_1 generated for M:OpenQA.Selenium.Remote.RemoteWebDriver.FindElement(System.String,System.String)
    Unique name M_OpenQA_Selenium_Remote_RemoteWebDriver_FindElements_1 generated for M:OpenQA.Selenium.Remote.RemoteWebDriver.FindElements(System.String,System.String)
    Unique name M_OpenQA_Selenium_Remote_RemoteWebElement_FindElement_1 generated for M:OpenQA.Selenium.Remote.RemoteWebElement.FindElement(System.String,System.String)
    Unique name M_OpenQA_Selenium_Remote_RemoteWebElement_FindElements_1 generated for M:OpenQA.Selenium.Remote.RemoteWebElement.FindElements(System.String,System.String)
    Unique name M_OpenQA_Selenium_Remote_Response__ctor_1 generated for M:OpenQA.Selenium.Remote.Response.#ctor(OpenQA.Selenium.Remote.SessionId)
    Unique name M_OpenQA_Selenium_Remote_StackTraceElement__ctor_1 generated for M:OpenQA.Selenium.Remote.StackTraceElement.#ctor(System.Collections.Generic.Dictionary{System.String,System.Object})
    Unique name M_OpenQA_Selenium_Safari_SafariDriver__ctor_1 generated for M:OpenQA.Selenium.Safari.SafariDriver.#ctor(OpenQA.Selenium.Safari.SafariDriverService)
    Unique name M_OpenQA_Selenium_Safari_SafariDriver__ctor_2 generated for M:OpenQA.Selenium.Safari.SafariDriver.#ctor(OpenQA.Selenium.Safari.SafariDriverService,OpenQA.Selenium.Safari.SafariOptions)
    Unique name M_OpenQA_Selenium_Safari_SafariDriver__ctor_3 generated for M:OpenQA.Selenium.Safari.SafariDriver.#ctor(OpenQA.Selenium.Safari.SafariDriverService,OpenQA.Selenium.Safari.SafariOptions,System.TimeSpan)
    Unique name M_OpenQA_Selenium_Safari_SafariDriver__ctor_4 generated for M:OpenQA.Selenium.Safari.SafariDriver.#ctor(OpenQA.Selenium.Safari.SafariOptions)
    Unique name M_OpenQA_Selenium_Safari_SafariDriver__ctor_5 generated for M:OpenQA.Selenium.Safari.SafariDriver.#ctor(System.String)
    Unique name M_OpenQA_Selenium_Safari_SafariDriver__ctor_6 generated for M:OpenQA.Selenium.Safari.SafariDriver.#ctor(System.String,OpenQA.Selenium.Safari.SafariOptions)
    Unique name M_OpenQA_Selenium_Safari_SafariDriver__ctor_7 generated for M:OpenQA.Selenium.Safari.SafariDriver.#ctor(System.String,OpenQA.Selenium.Safari.SafariOptions,System.TimeSpan)
    Unique name M_OpenQA_Selenium_Safari_SafariDriverService_CreateDefaultService_1 generated for M:OpenQA.Selenium.Safari.SafariDriverService.CreateDefaultService(System.String)
    Unique name M_OpenQA_Selenium_Safari_SafariDriverService_CreateDefaultService_2 generated for M:OpenQA.Selenium.Safari.SafariDriverService.CreateDefaultService(System.String,System.String)
    Unique name M_OpenQA_Selenium_Support_Events_EventFiringWebDriver_Dispose_1 generated for M:OpenQA.Selenium.Support.Events.EventFiringWebDriver.Dispose(System.Boolean)
    Unique name M_OpenQA_Selenium_Support_Events_FindElementEventArgs__ctor_1 generated for M:OpenQA.Selenium.Support.Events.FindElementEventArgs.#ctor(OpenQA.Selenium.IWebDriver,OpenQA.Selenium.IWebElement,OpenQA.Selenium.By)
    Unique name M_OpenQA_Selenium_Support_Events_WebDriverNavigationEventArgs__ctor_1 generated for M:OpenQA.Selenium.Support.Events.WebDriverNavigationEventArgs.#ctor(OpenQA.Selenium.IWebDriver,System.String)
    Unique name M_OpenQA_Selenium_Support_PageObjects_PageFactory_InitElements_1 generated for M:OpenQA.Selenium.Support.PageObjects.PageFactory.InitElements(OpenQA.Selenium.ISearchContext,System.Object,OpenQA.Selenium.Support.PageObjects.IPageObjectMemberDecorator)
    Unique name M_OpenQA_Selenium_Support_PageObjects_PageFactory_InitElements__1_1 generated for M:OpenQA.Selenium.Support.PageObjects.PageFactory.InitElements``1(OpenQA.Selenium.Support.PageObjects.IElementLocator)
    Unique name M_OpenQA_Selenium_Support_PageObjects_PageFactory_InitElements_2 generated for M:OpenQA.Selenium.Support.PageObjects.PageFactory.InitElements(System.Object,OpenQA.Selenium.Support.PageObjects.IElementLocator)
    Unique name M_OpenQA_Selenium_Support_PageObjects_PageFactory_InitElements_3 generated for M:OpenQA.Selenium.Support.PageObjects.PageFactory.InitElements(System.Object,OpenQA.Selenium.Support.PageObjects.IElementLocator,OpenQA.Selenium.Support.PageObjects.IPageObjectMemberDecorator)
    Unique name M_OpenQA_Selenium_Support_PageObjects_RetryingElementLocator__ctor_1 generated for M:OpenQA.Selenium.Support.PageObjects.RetryingElementLocator.#ctor(OpenQA.Selenium.ISearchContext,System.TimeSpan)
    Unique name M_OpenQA_Selenium_Support_PageObjects_RetryingElementLocator__ctor_2 generated for M:OpenQA.Selenium.Support.PageObjects.RetryingElementLocator.#ctor(OpenQA.Selenium.ISearchContext,System.TimeSpan,System.TimeSpan)
    Unique name M_OpenQA_Selenium_Support_UI_DefaultWait_1__ctor_1 generated for M:OpenQA.Selenium.Support.UI.DefaultWait`1.#ctor(`0,OpenQA.Selenium.Support.UI.IClock)
    Unique name M_OpenQA_Selenium_Support_UI_ExpectedConditions_ElementSelectionStateToBe_1 generated for M:OpenQA.Selenium.Support.UI.ExpectedConditions.ElementSelectionStateToBe(OpenQA.Selenium.IWebElement,System.Boolean)
    Unique name M_OpenQA_Selenium_Support_UI_ExpectedConditions_ElementToBeClickable_1 generated for M:OpenQA.Selenium.Support.UI.ExpectedConditions.ElementToBeClickable(OpenQA.Selenium.IWebElement)
    Unique name M_OpenQA_Selenium_Support_UI_ExpectedConditions_ElementToBeSelected_1 generated for M:OpenQA.Selenium.Support.UI.ExpectedConditions.ElementToBeSelected(OpenQA.Selenium.IWebElement)
    Unique name M_OpenQA_Selenium_Support_UI_ExpectedConditions_ElementToBeSelected_2 generated for M:OpenQA.Selenium.Support.UI.ExpectedConditions.ElementToBeSelected(OpenQA.Selenium.IWebElement,System.Boolean)
    Unique name M_OpenQA_Selenium_Support_UI_ExpectedConditions_FrameToBeAvailableAndSwitchToIt_1 generated for M:OpenQA.Selenium.Support.UI.ExpectedConditions.FrameToBeAvailableAndSwitchToIt(System.String)
    Unique name M_OpenQA_Selenium_Support_UI_ExpectedConditions_TextToBePresentInElementValue_1 generated for M:OpenQA.Selenium.Support.UI.ExpectedConditions.TextToBePresentInElementValue(OpenQA.Selenium.IWebElement,System.String)
    Unique name M_OpenQA_Selenium_Support_UI_ExpectedConditions_VisibilityOfAllElementsLocatedBy_1 generated for M:OpenQA.Selenium.Support.UI.ExpectedConditions.VisibilityOfAllElementsLocatedBy(System.Collections.ObjectModel.ReadOnlyCollection{OpenQA.Selenium.IWebElement})
    Unique name M_OpenQA_Selenium_Support_UI_LoadableComponentException__ctor_1 generated for M:OpenQA.Selenium.Support.UI.LoadableComponentException.#ctor(System.Runtime.Serialization.SerializationInfo,System.Runtime.Serialization.StreamingContext)
    Unique name M_OpenQA_Selenium_Support_UI_LoadableComponentException__ctor_2 generated for M:OpenQA.Selenium.Support.UI.LoadableComponentException.#ctor(System.String)
    Unique name M_OpenQA_Selenium_Support_UI_LoadableComponentException__ctor_3 generated for M:OpenQA.Selenium.Support.UI.LoadableComponentException.#ctor(System.String,System.Exception)
    Unique name M_OpenQA_Selenium_Support_UI_PopupWindowFinder__ctor_1 generated for M:OpenQA.Selenium.Support.UI.PopupWindowFinder.#ctor(OpenQA.Selenium.IWebDriver,System.TimeSpan)
    Unique name M_OpenQA_Selenium_Support_UI_PopupWindowFinder__ctor_2 generated for M:OpenQA.Selenium.Support.UI.PopupWindowFinder.#ctor(OpenQA.Selenium.IWebDriver,System.TimeSpan,System.TimeSpan)
    Unique name M_OpenQA_Selenium_Support_UI_SlowLoadableComponent_1__ctor_1 generated for M:OpenQA.Selenium.Support.UI.SlowLoadableComponent`1.#ctor(System.TimeSpan,OpenQA.Selenium.Support.UI.IClock)
    Unique name M_OpenQA_Selenium_Support_UI_UnexpectedTagNameException__ctor_1 generated for M:OpenQA.Selenium.Support.UI.UnexpectedTagNameException.#ctor(System.Runtime.Serialization.SerializationInfo,System.Runtime.Serialization.StreamingContext)
    Unique name M_OpenQA_Selenium_Support_UI_UnexpectedTagNameException__ctor_2 generated for M:OpenQA.Selenium.Support.UI.UnexpectedTagNameException.#ctor(System.String)
    Unique name M_OpenQA_Selenium_Support_UI_UnexpectedTagNameException__ctor_3 generated for M:OpenQA.Selenium.Support.UI.UnexpectedTagNameException.#ctor(System.String,System.Exception)
    Unique name M_OpenQA_Selenium_Support_UI_UnexpectedTagNameException__ctor_4 generated for M:OpenQA.Selenium.Support.UI.UnexpectedTagNameException.#ctor(System.String,System.String)
    Unique name M_OpenQA_Selenium_Support_UI_WebDriverWait__ctor_1 generated for M:OpenQA.Selenium.Support.UI.WebDriverWait.#ctor(OpenQA.Selenium.Support.UI.IClock,OpenQA.Selenium.IWebDriver,System.TimeSpan,System.TimeSpan)
    Unique name M_Selenium_DefaultSelenium__ctor_1 generated for M:Selenium.DefaultSelenium.#ctor(System.String,System.Int32,System.String,System.String)
    Unique name M_Selenium_DefaultSelenium_Start_1 generated for M:Selenium.DefaultSelenium.Start(System.String)
    Unique name M_Selenium_HttpCommandProcessor__ctor_1 generated for M:Selenium.HttpCommandProcessor.#ctor(System.String,System.String,System.String)
    Unique name M_Selenium_HttpCommandProcessor_Start_1 generated for M:Selenium.HttpCommandProcessor.Start(System.Object)
    Unique name M_Selenium_HttpCommandProcessor_Start_2 generated for M:Selenium.HttpCommandProcessor.Start(System.String)
    Unique name M_Selenium_ICommandProcessor_Start_1 generated for M:Selenium.ICommandProcessor.Start(System.Object)
    Unique name M_Selenium_ICommandProcessor_Start_2 generated for M:Selenium.ICommandProcessor.Start(System.String)
    Unique name M_Selenium_SeleniumException__ctor_1 generated for M:Selenium.SeleniumException.#ctor(System.String)
    Unique name M_Selenium_SeleniumException__ctor_2 generated for M:Selenium.SeleniumException.#ctor(System.String,System.Exception)
    Unique name M_Selenium_WebDriverBackedSelenium__ctor_1 generated for M:Selenium.WebDriverBackedSelenium.#ctor(OpenQA.Selenium.IWebDriver,System.Uri)
    Unique name M_Selenium_WebDriverCommandProcessor__ctor_1 generated for M:Selenium.WebDriverCommandProcessor.#ctor(System.Uri,OpenQA.Selenium.IWebDriver)
    Unique name M_Selenium_WebDriverCommandProcessor_Start_1 generated for M:Selenium.WebDriverCommandProcessor.Start(System.Object)
    Unique name M_Selenium_WebDriverCommandProcessor_Start_2 generated for M:Selenium.WebDriverCommandProcessor.Start(System.String)
  XslTransform (v2015.7.25.0)
  Copyright c 2006-2015, Microsoft Corporation, All Rights Reserved.
  Portions Copyright c 2006-2015, Eric Woodruff, All Rights Reserved.
  Applying XSL transformation &#39;C:\Program Files (x86)\EWSoftware\Sandcastle Help File Builder\ProductionTransforms\ReflectionToManifest.xsl&#39;.
Done Building Project &quot;C:\Projects\webdriver\build\docs\dotnet\web\Working\TransformManifest.proj&quot; (default targets).

Build succeeded.

Time Elapsed 00:00:01.43
    Last step completed in 00:00:01.5002
</buildStep>
<buildStep step="GenerateNamespaceSummaries">
Generating namespace summary information...
    Last step completed in 00:00:00.1268
</buildStep>
<buildStep step="CopyAdditionalContent">
Copying additional content files...
No additional content to copy
    Last step completed in 00:00:00.0136
</buildStep>
<buildStep step="MergeTablesOfContents">
Merging conceptual and additional tables of contents...
    Last step completed in 00:00:00.0000
</buildStep>
<buildStep step="GenerateIntermediateTableOfContents">
Generating intermediate table of contents file...
[C:\Windows\Microsoft.NET\Framework\v4.0.30319\MSBuild.exe - GenerateIntermediateTOC.proj]
Build started 2/16/2017 8:04:22 AM.
Project &quot;C:\Projects\webdriver\build\docs\dotnet\web\Working\GenerateIntermediateTOC.proj&quot; on node 1 (default targets).
Project file contains ToolsVersion=&quot;12.0&quot;. This toolset may be unknown or missing, in which case you may be able to resolve this by installing the appropriate version of MSBuild, or the build may have been forced to a particular ToolsVersion for policy reasons. Treating the project as if it had ToolsVersion=&quot;4.0&quot;. For more information, please see http://go.microsoft.com/fwlink/?LinkId=291333.
GenerateIntermediateTOC:
  XslTransform (v2015.7.25.0)
  Copyright c 2006-2015, Microsoft Corporation, All Rights Reserved.
  Portions Copyright c 2006-2015, Eric Woodruff, All Rights Reserved.
  Applying XSL transformation &#39;C:\Program Files (x86)\EWSoftware\Sandcastle Help File Builder\\ProductionTransforms\CreateVSToc.xsl&#39;.
Done Building Project &quot;C:\Projects\webdriver\build\docs\dotnet\web\Working\GenerateIntermediateTOC.proj&quot; (default targets).

Build succeeded.

Time Elapsed 00:00:00.14
Generating conceptual content intermediate TOC file...
    Last step completed in 00:00:00.2344
</buildStep>
<buildStep step="CreateBuildAssemblerConfigs">
Creating Sandcastle configuration files...
    sandcastle.config
    Last step completed in 00:00:00.4844
</buildStep>
<buildStep step="MergeCustomConfigs">
Merging custom build component configurations
C:\Projects\webdriver\build\docs\dotnet\web\Working\sandcastle.config
    Last step completed in 00:00:00.0000
</buildStep>
<buildStep step="BuildReferenceTopics">
Building reference help topics...
[C:\Windows\Microsoft.NET\Framework\v4.0.30319\MSBuild.exe - BuildReferenceTopics.proj]
Build started 2/16/2017 8:04:23 AM.
Project &quot;C:\Projects\webdriver\build\docs\dotnet\web\Working\BuildReferenceTopics.proj&quot; on node 1 (default targets).
Project file contains ToolsVersion=&quot;12.0&quot;. This toolset may be unknown or missing, in which case you may be able to resolve this by installing the appropriate version of MSBuild, or the build may have been forced to a particular ToolsVersion for policy reasons. Treating the project as if it had ToolsVersion=&quot;4.0&quot;. For more information, please see http://go.microsoft.com/fwlink/?LinkId=291333.
BuildReferenceTopics:
  BuildAssembler (v2015.7.25.0)
  Copyright c 2006-2015, Microsoft Corporation, All Rights Reserved.
  Portions Copyright c 2006-2015, Eric Woodruff, All Rights Reserved.
  Loading configuration...
  Processing topics...
  Processed 2342 topic(s)
  CopyFromIndexComponent: &quot;reflection&quot; in-memory cache entries used: 12 of 15.
  CopyFromIndexComponent: &quot;comments&quot; in-memory cache entries used: 5 of 30.
Done Building Project &quot;C:\Projects\webdriver\build\docs\dotnet\web\Working\BuildReferenceTopics.proj&quot; (default targets).

Build succeeded.

Time Elapsed 00:01:45.24
    Last step completed in 00:01:45.3711
</buildStep>
<buildStep step="CombiningIntermediateTocFiles">
Combining conceptual and API intermediate TOC files...
    Last step completed in 00:00:00.0156
</buildStep>
<buildStep step="ExtractingHtmlInfo">
Extracting HTML info for HTML Help 1 and/or website...
[C:\Windows\Microsoft.NET\Framework\v4.0.30319\MSBuild.exe - ExtractHtmlInfo.proj]
Project file contains ToolsVersion=&quot;12.0&quot;. This toolset may be unknown or missing, in which case you may be able to resolve this by installing the appropriate version of MSBuild, or the build may have been forced to a particular ToolsVersion for policy reasons. Treating the project as if it had ToolsVersion=&quot;4.0&quot;. For more information, please see http://go.microsoft.com/fwlink/?LinkId=291333.
Sandcastle Help File Builder and Tools, version 2015.7.25.0
Copyright c 2006-2015, Eric Woodruff, All Rights Reserved
E-Mail: Eric@EWoodruff.us

Using LCID &#39;1033&#39;, code page &#39;65001&#39;, encoding charset &#39;UTF-8&#39;.

Processing Help 1 files in C:\Projects\webdriver\build\docs\dotnet\web\Working\Output\HtmlHelp1
Processed 2342 HTML files
Sorting keywords and generating See Also indices
Saving HTML Help 1 keyword index to C:\Projects\webdriver\build\docs\dotnet\web\Working\WebDriver.hhk
Saving HTML Help 1 table of contents to C:\Projects\webdriver\build\docs\dotnet\web\Working\WebDriver.hhc

Processing website files in C:\Projects\webdriver\build\docs\dotnet\web\Working\Output\Website
Processed 2342 HTML files
Sorting keywords and generating See Also indices
Saving website keyword index to C:\Projects\webdriver\build\docs\dotnet\web\Working\WebKI.xml
Saving website table of contents to C:\Projects\webdriver\build\docs\dotnet\web\Working\WebTOC.xml
    Last step completed in 00:00:40.9377
</buildStep>
<buildStep step="CopyStandardHelpContent">
Copying standard help content...
C:\Program Files (x86)\EWSoftware\Sandcastle Help File Builder\PresentationStyles\VS2010\icons\alert_caution.gif -&gt; C:\Projects\webdriver\build\docs\dotnet\web\Working\Output\HtmlHelp1\icons\alert_caution.gif
C:\Program Files (x86)\EWSoftware\Sandcastle Help File Builder\PresentationStyles\VS2010\icons\alert_note.gif -&gt; C:\Projects\webdriver\build\docs\dotnet\web\Working\Output\HtmlHelp1\icons\alert_note.gif
C:\Program Files (x86)\EWSoftware\Sandcastle Help File Builder\PresentationStyles\VS2010\icons\alert_security.gif -&gt; C:\Projects\webdriver\build\docs\dotnet\web\Working\Output\HtmlHelp1\icons\alert_security.gif
C:\Program Files (x86)\EWSoftware\Sandcastle Help File Builder\PresentationStyles\VS2010\icons\CFW.gif -&gt; C:\Projects\webdriver\build\docs\dotnet\web\Working\Output\HtmlHelp1\icons\CFW.gif
C:\Program Files (x86)\EWSoftware\Sandcastle Help File Builder\PresentationStyles\VS2010\icons\CodeExample.png -&gt; C:\Projects\webdriver\build\docs\dotnet\web\Working\Output\HtmlHelp1\icons\CodeExample.png
C:\Program Files (x86)\EWSoftware\Sandcastle Help File Builder\PresentationStyles\VS2010\icons\favicon.ico -&gt; C:\Projects\webdriver\build\docs\dotnet\web\Working\Output\HtmlHelp1\icons\favicon.ico
C:\Program Files (x86)\EWSoftware\Sandcastle Help File Builder\PresentationStyles\VS2010\icons\footer_slice.gif -&gt; C:\Projects\webdriver\build\docs\dotnet\web\Working\Output\HtmlHelp1\icons\footer_slice.gif
C:\Program Files (x86)\EWSoftware\Sandcastle Help File Builder\PresentationStyles\VS2010\icons\privclass.gif -&gt; C:\Projects\webdriver\build\docs\dotnet\web\Working\Output\HtmlHelp1\icons\privclass.gif
C:\Program Files (x86)\EWSoftware\Sandcastle Help File Builder\PresentationStyles\VS2010\icons\privdelegate.gif -&gt; C:\Projects\webdriver\build\docs\dotnet\web\Working\Output\HtmlHelp1\icons\privdelegate.gif
C:\Program Files (x86)\EWSoftware\Sandcastle Help File Builder\PresentationStyles\VS2010\icons\privenumeration.gif -&gt; C:\Projects\webdriver\build\docs\dotnet\web\Working\Output\HtmlHelp1\icons\privenumeration.gif
C:\Program Files (x86)\EWSoftware\Sandcastle Help File Builder\PresentationStyles\VS2010\icons\privevent.gif -&gt; C:\Projects\webdriver\build\docs\dotnet\web\Working\Output\HtmlHelp1\icons\privevent.gif
C:\Program Files (x86)\EWSoftware\Sandcastle Help File Builder\PresentationStyles\VS2010\icons\privextension.gif -&gt; C:\Projects\webdriver\build\docs\dotnet\web\Working\Output\HtmlHelp1\icons\privextension.gif
C:\Program Files (x86)\EWSoftware\Sandcastle Help File Builder\PresentationStyles\VS2010\icons\privfield.gif -&gt; C:\Projects\webdriver\build\docs\dotnet\web\Working\Output\HtmlHelp1\icons\privfield.gif
C:\Program Files (x86)\EWSoftware\Sandcastle Help File Builder\PresentationStyles\VS2010\icons\privinterface.gif -&gt; C:\Projects\webdriver\build\docs\dotnet\web\Working\Output\HtmlHelp1\icons\privinterface.gif
C:\Program Files (x86)\EWSoftware\Sandcastle Help File Builder\PresentationStyles\VS2010\icons\privmethod.gif -&gt; C:\Projects\webdriver\build\docs\dotnet\web\Working\Output\HtmlHelp1\icons\privmethod.gif
C:\Program Files (x86)\EWSoftware\Sandcastle Help File Builder\PresentationStyles\VS2010\icons\privproperty.gif -&gt; C:\Projects\webdriver\build\docs\dotnet\web\Working\Output\HtmlHelp1\icons\privproperty.gif
C:\Program Files (x86)\EWSoftware\Sandcastle Help File Builder\PresentationStyles\VS2010\icons\privstructure.gif -&gt; C:\Projects\webdriver\build\docs\dotnet\web\Working\Output\HtmlHelp1\icons\privstructure.gif
C:\Program Files (x86)\EWSoftware\Sandcastle Help File Builder\PresentationStyles\VS2010\icons\protclass.gif -&gt; C:\Projects\webdriver\build\docs\dotnet\web\Working\Output\HtmlHelp1\icons\protclass.gif
C:\Program Files (x86)\EWSoftware\Sandcastle Help File Builder\PresentationStyles\VS2010\icons\protdelegate.gif -&gt; C:\Projects\webdriver\build\docs\dotnet\web\Working\Output\HtmlHelp1\icons\protdelegate.gif
C:\Program Files (x86)\EWSoftware\Sandcastle Help File Builder\PresentationStyles\VS2010\icons\protenumeration.gif -&gt; C:\Projects\webdriver\build\docs\dotnet\web\Working\Output\HtmlHelp1\icons\protenumeration.gif
C:\Program Files (x86)\EWSoftware\Sandcastle Help File Builder\PresentationStyles\VS2010\icons\protevent.gif -&gt; C:\Projects\webdriver\build\docs\dotnet\web\Working\Output\HtmlHelp1\icons\protevent.gif
C:\Program Files (x86)\EWSoftware\Sandcastle Help File Builder\PresentationStyles\VS2010\icons\protextension.gif -&gt; C:\Projects\webdriver\build\docs\dotnet\web\Working\Output\HtmlHelp1\icons\protextension.gif
C:\Program Files (x86)\EWSoftware\Sandcastle Help File Builder\PresentationStyles\VS2010\icons\protfield.gif -&gt; C:\Projects\webdriver\build\docs\dotnet\web\Working\Output\HtmlHelp1\icons\protfield.gif
C:\Program Files (x86)\EWSoftware\Sandcastle Help File Builder\PresentationStyles\VS2010\icons\protinterface.gif -&gt; C:\Projects\webdriver\build\docs\dotnet\web\Working\Output\HtmlHelp1\icons\protinterface.gif
C:\Program Files (x86)\EWSoftware\Sandcastle Help File Builder\PresentationStyles\VS2010\icons\protmethod.gif -&gt; C:\Projects\webdriver\build\docs\dotnet\web\Working\Output\HtmlHelp1\icons\protmethod.gif
C:\Program Files (x86)\EWSoftware\Sandcastle Help File Builder\PresentationStyles\VS2010\icons\protoperator.gif -&gt; C:\Projects\webdriver\build\docs\dotnet\web\Working\Output\HtmlHelp1\icons\protoperator.gif
C:\Program Files (x86)\EWSoftware\Sandcastle Help File Builder\PresentationStyles\VS2010\icons\protproperty.gif -&gt; C:\Projects\webdriver\build\docs\dotnet\web\Working\Output\HtmlHelp1\icons\protproperty.gif
C:\Program Files (x86)\EWSoftware\Sandcastle Help File Builder\PresentationStyles\VS2010\icons\protstructure.gif -&gt; C:\Projects\webdriver\build\docs\dotnet\web\Working\Output\HtmlHelp1\icons\protstructure.gif
C:\Program Files (x86)\EWSoftware\Sandcastle Help File Builder\PresentationStyles\VS2010\icons\pubclass.gif -&gt; C:\Projects\webdriver\build\docs\dotnet\web\Working\Output\HtmlHelp1\icons\pubclass.gif
C:\Program Files (x86)\EWSoftware\Sandcastle Help File Builder\PresentationStyles\VS2010\icons\pubdelegate.gif -&gt; C:\Projects\webdriver\build\docs\dotnet\web\Working\Output\HtmlHelp1\icons\pubdelegate.gif
C:\Program Files (x86)\EWSoftware\Sandcastle Help File Builder\PresentationStyles\VS2010\icons\pubenumeration.gif -&gt; C:\Projects\webdriver\build\docs\dotnet\web\Working\Output\HtmlHelp1\icons\pubenumeration.gif
C:\Program Files (x86)\EWSoftware\Sandcastle Help File Builder\PresentationStyles\VS2010\icons\pubevent.gif -&gt; C:\Projects\webdriver\build\docs\dotnet\web\Working\Output\HtmlHelp1\icons\pubevent.gif
C:\Program Files (x86)\EWSoftware\Sandcastle Help File Builder\PresentationStyles\VS2010\icons\pubextension.gif -&gt; C:\Projects\webdriver\build\docs\dotnet\web\Working\Output\HtmlHelp1\icons\pubextension.gif
C:\Program Files (x86)\EWSoftware\Sandcastle Help File Builder\PresentationStyles\VS2010\icons\pubfield.gif -&gt; C:\Projects\webdriver\build\docs\dotnet\web\Working\Output\HtmlHelp1\icons\pubfield.gif
C:\Program Files (x86)\EWSoftware\Sandcastle Help File Builder\PresentationStyles\VS2010\icons\pubinterface.gif -&gt; C:\Projects\webdriver\build\docs\dotnet\web\Working\Output\HtmlHelp1\icons\pubinterface.gif
C:\Program Files (x86)\EWSoftware\Sandcastle Help File Builder\PresentationStyles\VS2010\icons\pubmethod.gif -&gt; C:\Projects\webdriver\build\docs\dotnet\web\Working\Output\HtmlHelp1\icons\pubmethod.gif
C:\Program Files (x86)\EWSoftware\Sandcastle Help File Builder\PresentationStyles\VS2010\icons\puboperator.gif -&gt; C:\Projects\webdriver\build\docs\dotnet\web\Working\Output\HtmlHelp1\icons\puboperator.gif
C:\Program Files (x86)\EWSoftware\Sandcastle Help File Builder\PresentationStyles\VS2010\icons\pubproperty.gif -&gt; C:\Projects\webdriver\build\docs\dotnet\web\Working\Output\HtmlHelp1\icons\pubproperty.gif
C:\Program Files (x86)\EWSoftware\Sandcastle Help File Builder\PresentationStyles\VS2010\icons\pubstructure.gif -&gt; C:\Projects\webdriver\build\docs\dotnet\web\Working\Output\HtmlHelp1\icons\pubstructure.gif
C:\Program Files (x86)\EWSoftware\Sandcastle Help File Builder\PresentationStyles\VS2010\icons\slMobile.gif -&gt; C:\Projects\webdriver\build\docs\dotnet\web\Working\Output\HtmlHelp1\icons\slMobile.gif
C:\Program Files (x86)\EWSoftware\Sandcastle Help File Builder\PresentationStyles\VS2010\icons\static.gif -&gt; C:\Projects\webdriver\build\docs\dotnet\web\Working\Output\HtmlHelp1\icons\static.gif
C:\Program Files (x86)\EWSoftware\Sandcastle Help File Builder\PresentationStyles\VS2010\icons\tabLeftBG.gif -&gt; C:\Projects\webdriver\build\docs\dotnet\web\Working\Output\HtmlHelp1\icons\tabLeftBG.gif
C:\Program Files (x86)\EWSoftware\Sandcastle Help File Builder\PresentationStyles\VS2010\icons\tabRightBG.gif -&gt; C:\Projects\webdriver\build\docs\dotnet\web\Working\Output\HtmlHelp1\icons\tabRightBG.gif
C:\Program Files (x86)\EWSoftware\Sandcastle Help File Builder\PresentationStyles\VS2010\icons\xna.gif -&gt; C:\Projects\webdriver\build\docs\dotnet\web\Working\Output\HtmlHelp1\icons\xna.gif
C:\Program Files (x86)\EWSoftware\Sandcastle Help File Builder\PresentationStyles\VS2010\scripts\branding.js -&gt; C:\Projects\webdriver\build\docs\dotnet\web\Working\Output\HtmlHelp1\scripts\branding.js
C:\Program Files (x86)\EWSoftware\Sandcastle Help File Builder\PresentationStyles\VS2010\styles\branding-cs-CZ.css -&gt; C:\Projects\webdriver\build\docs\dotnet\web\Working\Output\HtmlHelp1\styles\branding-cs-CZ.css
C:\Program Files (x86)\EWSoftware\Sandcastle Help File Builder\PresentationStyles\VS2010\styles\branding-de-DE.css -&gt; C:\Projects\webdriver\build\docs\dotnet\web\Working\Output\HtmlHelp1\styles\branding-de-DE.css
C:\Program Files (x86)\EWSoftware\Sandcastle Help File Builder\PresentationStyles\VS2010\styles\branding-en-US.css -&gt; C:\Projects\webdriver\build\docs\dotnet\web\Working\Output\HtmlHelp1\styles\branding-en-US.css
C:\Program Files (x86)\EWSoftware\Sandcastle Help File Builder\PresentationStyles\VS2010\styles\branding-es-ES.css -&gt; C:\Projects\webdriver\build\docs\dotnet\web\Working\Output\HtmlHelp1\styles\branding-es-ES.css
C:\Program Files (x86)\EWSoftware\Sandcastle Help File Builder\PresentationStyles\VS2010\styles\branding-fr-FR.css -&gt; C:\Projects\webdriver\build\docs\dotnet\web\Working\Output\HtmlHelp1\styles\branding-fr-FR.css
C:\Program Files (x86)\EWSoftware\Sandcastle Help File Builder\PresentationStyles\VS2010\styles\branding-Help1.css -&gt; C:\Projects\webdriver\build\docs\dotnet\web\Working\Output\HtmlHelp1\styles\branding-Help1.css
C:\Program Files (x86)\EWSoftware\Sandcastle Help File Builder\PresentationStyles\VS2010\styles\branding-HelpViewer.css -&gt; C:\Projects\webdriver\build\docs\dotnet\web\Working\Output\HtmlHelp1\styles\branding-HelpViewer.css
C:\Program Files (x86)\EWSoftware\Sandcastle Help File Builder\PresentationStyles\VS2010\styles\branding-it-IT.css -&gt; C:\Projects\webdriver\build\docs\dotnet\web\Working\Output\HtmlHelp1\styles\branding-it-IT.css
C:\Program Files (x86)\EWSoftware\Sandcastle Help File Builder\PresentationStyles\VS2010\styles\branding-ja-JP.css -&gt; C:\Projects\webdriver\build\docs\dotnet\web\Working\Output\HtmlHelp1\styles\branding-ja-JP.css
C:\Program Files (x86)\EWSoftware\Sandcastle Help File Builder\PresentationStyles\VS2010\styles\branding-ko-KR.css -&gt; C:\Projects\webdriver\build\docs\dotnet\web\Working\Output\HtmlHelp1\styles\branding-ko-KR.css
C:\Program Files (x86)\EWSoftware\Sandcastle Help File Builder\PresentationStyles\VS2010\styles\branding-pl-PL.css -&gt; C:\Projects\webdriver\build\docs\dotnet\web\Working\Output\HtmlHelp1\styles\branding-pl-PL.css
C:\Program Files (x86)\EWSoftware\Sandcastle Help File Builder\PresentationStyles\VS2010\styles\branding-pt-BR.css -&gt; C:\Projects\webdriver\build\docs\dotnet\web\Working\Output\HtmlHelp1\styles\branding-pt-BR.css
C:\Program Files (x86)\EWSoftware\Sandcastle Help File Builder\PresentationStyles\VS2010\styles\branding-ru-RU.css -&gt; C:\Projects\webdriver\build\docs\dotnet\web\Working\Output\HtmlHelp1\styles\branding-ru-RU.css
C:\Program Files (x86)\EWSoftware\Sandcastle Help File Builder\PresentationStyles\VS2010\styles\branding-tr-TR.css -&gt; C:\Projects\webdriver\build\docs\dotnet\web\Working\Output\HtmlHelp1\styles\branding-tr-TR.css
C:\Program Files (x86)\EWSoftware\Sandcastle Help File Builder\PresentationStyles\VS2010\styles\branding-zh-CN.css -&gt; C:\Projects\webdriver\build\docs\dotnet\web\Working\Output\HtmlHelp1\styles\branding-zh-CN.css
C:\Program Files (x86)\EWSoftware\Sandcastle Help File Builder\PresentationStyles\VS2010\styles\branding-zh-TW.css -&gt; C:\Projects\webdriver\build\docs\dotnet\web\Working\Output\HtmlHelp1\styles\branding-zh-TW.css
C:\Program Files (x86)\EWSoftware\Sandcastle Help File Builder\PresentationStyles\VS2010\styles\branding.css -&gt; C:\Projects\webdriver\build\docs\dotnet\web\Working\Output\HtmlHelp1\styles\branding.css
C:\Program Files (x86)\EWSoftware\Sandcastle Help File Builder\PresentationStyles\VS2010\icons\alert_caution.gif -&gt; C:\Projects\webdriver\build\docs\dotnet\web\Working\Output\Website\icons\alert_caution.gif
C:\Program Files (x86)\EWSoftware\Sandcastle Help File Builder\PresentationStyles\VS2010\icons\alert_note.gif -&gt; C:\Projects\webdriver\build\docs\dotnet\web\Working\Output\Website\icons\alert_note.gif
C:\Program Files (x86)\EWSoftware\Sandcastle Help File Builder\PresentationStyles\VS2010\icons\alert_security.gif -&gt; C:\Projects\webdriver\build\docs\dotnet\web\Working\Output\Website\icons\alert_security.gif
C:\Program Files (x86)\EWSoftware\Sandcastle Help File Builder\PresentationStyles\VS2010\icons\CFW.gif -&gt; C:\Projects\webdriver\build\docs\dotnet\web\Working\Output\Website\icons\CFW.gif
C:\Program Files (x86)\EWSoftware\Sandcastle Help File Builder\PresentationStyles\VS2010\icons\CodeExample.png -&gt; C:\Projects\webdriver\build\docs\dotnet\web\Working\Output\Website\icons\CodeExample.png
C:\Program Files (x86)\EWSoftware\Sandcastle Help File Builder\PresentationStyles\VS2010\icons\favicon.ico -&gt; C:\Projects\webdriver\build\docs\dotnet\web\Working\Output\Website\icons\favicon.ico
C:\Program Files (x86)\EWSoftware\Sandcastle Help File Builder\PresentationStyles\VS2010\icons\footer_slice.gif -&gt; C:\Projects\webdriver\build\docs\dotnet\web\Working\Output\Website\icons\footer_slice.gif
C:\Program Files (x86)\EWSoftware\Sandcastle Help File Builder\PresentationStyles\VS2010\icons\privclass.gif -&gt; C:\Projects\webdriver\build\docs\dotnet\web\Working\Output\Website\icons\privclass.gif
C:\Program Files (x86)\EWSoftware\Sandcastle Help File Builder\PresentationStyles\VS2010\icons\privdelegate.gif -&gt; C:\Projects\webdriver\build\docs\dotnet\web\Working\Output\Website\icons\privdelegate.gif
C:\Program Files (x86)\EWSoftware\Sandcastle Help File Builder\PresentationStyles\VS2010\icons\privenumeration.gif -&gt; C:\Projects\webdriver\build\docs\dotnet\web\Working\Output\Website\icons\privenumeration.gif
C:\Program Files (x86)\EWSoftware\Sandcastle Help File Builder\PresentationStyles\VS2010\icons\privevent.gif -&gt; C:\Projects\webdriver\build\docs\dotnet\web\Working\Output\Website\icons\privevent.gif
C:\Program Files (x86)\EWSoftware\Sandcastle Help File Builder\PresentationStyles\VS2010\icons\privextension.gif -&gt; C:\Projects\webdriver\build\docs\dotnet\web\Working\Output\Website\icons\privextension.gif
C:\Program Files (x86)\EWSoftware\Sandcastle Help File Builder\PresentationStyles\VS2010\icons\privfield.gif -&gt; C:\Projects\webdriver\build\docs\dotnet\web\Working\Output\Website\icons\privfield.gif
C:\Program Files (x86)\EWSoftware\Sandcastle Help File Builder\PresentationStyles\VS2010\icons\privinterface.gif -&gt; C:\Projects\webdriver\build\docs\dotnet\web\Working\Output\Website\icons\privinterface.gif
C:\Program Files (x86)\EWSoftware\Sandcastle Help File Builder\PresentationStyles\VS2010\icons\privmethod.gif -&gt; C:\Projects\webdriver\build\docs\dotnet\web\Working\Output\Website\icons\privmethod.gif
C:\Program Files (x86)\EWSoftware\Sandcastle Help File Builder\PresentationStyles\VS2010\icons\privproperty.gif -&gt; C:\Projects\webdriver\build\docs\dotnet\web\Working\Output\Website\icons\privproperty.gif
C:\Program Files (x86)\EWSoftware\Sandcastle Help File Builder\PresentationStyles\VS2010\icons\privstructure.gif -&gt; C:\Projects\webdriver\build\docs\dotnet\web\Working\Output\Website\icons\privstructure.gif
C:\Program Files (x86)\EWSoftware\Sandcastle Help File Builder\PresentationStyles\VS2010\icons\protclass.gif -&gt; C:\Projects\webdriver\build\docs\dotnet\web\Working\Output\Website\icons\protclass.gif
C:\Program Files (x86)\EWSoftware\Sandcastle Help File Builder\PresentationStyles\VS2010\icons\protdelegate.gif -&gt; C:\Projects\webdriver\build\docs\dotnet\web\Working\Output\Website\icons\protdelegate.gif
C:\Program Files (x86)\EWSoftware\Sandcastle Help File Builder\PresentationStyles\VS2010\icons\protenumeration.gif -&gt; C:\Projects\webdriver\build\docs\dotnet\web\Working\Output\Website\icons\protenumeration.gif
C:\Program Files (x86)\EWSoftware\Sandcastle Help File Builder\PresentationStyles\VS2010\icons\protevent.gif -&gt; C:\Projects\webdriver\build\docs\dotnet\web\Working\Output\Website\icons\protevent.gif
C:\Program Files (x86)\EWSoftware\Sandcastle Help File Builder\PresentationStyles\VS2010\icons\protextension.gif -&gt; C:\Projects\webdriver\build\docs\dotnet\web\Working\Output\Website\icons\protextension.gif
C:\Program Files (x86)\EWSoftware\Sandcastle Help File Builder\PresentationStyles\VS2010\icons\protfield.gif -&gt; C:\Projects\webdriver\build\docs\dotnet\web\Working\Output\Website\icons\protfield.gif
C:\Program Files (x86)\EWSoftware\Sandcastle Help File Builder\PresentationStyles\VS2010\icons\protinterface.gif -&gt; C:\Projects\webdriver\build\docs\dotnet\web\Working\Output\Website\icons\protinterface.gif
C:\Program Files (x86)\EWSoftware\Sandcastle Help File Builder\PresentationStyles\VS2010\icons\protmethod.gif -&gt; C:\Projects\webdriver\build\docs\dotnet\web\Working\Output\Website\icons\protmethod.gif
C:\Program Files (x86)\EWSoftware\Sandcastle Help File Builder\PresentationStyles\VS2010\icons\protoperator.gif -&gt; C:\Projects\webdriver\build\docs\dotnet\web\Working\Output\Website\icons\protoperator.gif
C:\Program Files (x86)\EWSoftware\Sandcastle Help File Builder\PresentationStyles\VS2010\icons\protproperty.gif -&gt; C:\Projects\webdriver\build\docs\dotnet\web\Working\Output\Website\icons\protproperty.gif
C:\Program Files (x86)\EWSoftware\Sandcastle Help File Builder\PresentationStyles\VS2010\icons\protstructure.gif -&gt; C:\Projects\webdriver\build\docs\dotnet\web\Working\Output\Website\icons\protstructure.gif
C:\Program Files (x86)\EWSoftware\Sandcastle Help File Builder\PresentationStyles\VS2010\icons\pubclass.gif -&gt; C:\Projects\webdriver\build\docs\dotnet\web\Working\Output\Website\icons\pubclass.gif
C:\Program Files (x86)\EWSoftware\Sandcastle Help File Builder\PresentationStyles\VS2010\icons\pubdelegate.gif -&gt; C:\Projects\webdriver\build\docs\dotnet\web\Working\Output\Website\icons\pubdelegate.gif
C:\Program Files (x86)\EWSoftware\Sandcastle Help File Builder\PresentationStyles\VS2010\icons\pubenumeration.gif -&gt; C:\Projects\webdriver\build\docs\dotnet\web\Working\Output\Website\icons\pubenumeration.gif
C:\Program Files (x86)\EWSoftware\Sandcastle Help File Builder\PresentationStyles\VS2010\icons\pubevent.gif -&gt; C:\Projects\webdriver\build\docs\dotnet\web\Working\Output\Website\icons\pubevent.gif
C:\Program Files (x86)\EWSoftware\Sandcastle Help File Builder\PresentationStyles\VS2010\icons\pubextension.gif -&gt; C:\Projects\webdriver\build\docs\dotnet\web\Working\Output\Website\icons\pubextension.gif
C:\Program Files (x86)\EWSoftware\Sandcastle Help File Builder\PresentationStyles\VS2010\icons\pubfield.gif -&gt; C:\Projects\webdriver\build\docs\dotnet\web\Working\Output\Website\icons\pubfield.gif
C:\Program Files (x86)\EWSoftware\Sandcastle Help File Builder\PresentationStyles\VS2010\icons\pubinterface.gif -&gt; C:\Projects\webdriver\build\docs\dotnet\web\Working\Output\Website\icons\pubinterface.gif
C:\Program Files (x86)\EWSoftware\Sandcastle Help File Builder\PresentationStyles\VS2010\icons\pubmethod.gif -&gt; C:\Projects\webdriver\build\docs\dotnet\web\Working\Output\Website\icons\pubmethod.gif
C:\Program Files (x86)\EWSoftware\Sandcastle Help File Builder\PresentationStyles\VS2010\icons\puboperator.gif -&gt; C:\Projects\webdriver\build\docs\dotnet\web\Working\Output\Website\icons\puboperator.gif
C:\Program Files (x86)\EWSoftware\Sandcastle Help File Builder\PresentationStyles\VS2010\icons\pubproperty.gif -&gt; C:\Projects\webdriver\build\docs\dotnet\web\Working\Output\Website\icons\pubproperty.gif
C:\Program Files (x86)\EWSoftware\Sandcastle Help File Builder\PresentationStyles\VS2010\icons\pubstructure.gif -&gt; C:\Projects\webdriver\build\docs\dotnet\web\Working\Output\Website\icons\pubstructure.gif
C:\Program Files (x86)\EWSoftware\Sandcastle Help File Builder\PresentationStyles\VS2010\icons\slMobile.gif -&gt; C:\Projects\webdriver\build\docs\dotnet\web\Working\Output\Website\icons\slMobile.gif
C:\Program Files (x86)\EWSoftware\Sandcastle Help File Builder\PresentationStyles\VS2010\icons\static.gif -&gt; C:\Projects\webdriver\build\docs\dotnet\web\Working\Output\Website\icons\static.gif
C:\Program Files (x86)\EWSoftware\Sandcastle Help File Builder\PresentationStyles\VS2010\icons\tabLeftBG.gif -&gt; C:\Projects\webdriver\build\docs\dotnet\web\Working\Output\Website\icons\tabLeftBG.gif
C:\Program Files (x86)\EWSoftware\Sandcastle Help File Builder\PresentationStyles\VS2010\icons\tabRightBG.gif -&gt; C:\Projects\webdriver\build\docs\dotnet\web\Working\Output\Website\icons\tabRightBG.gif
C:\Program Files (x86)\EWSoftware\Sandcastle Help File Builder\PresentationStyles\VS2010\icons\xna.gif -&gt; C:\Projects\webdriver\build\docs\dotnet\web\Working\Output\Website\icons\xna.gif
C:\Program Files (x86)\EWSoftware\Sandcastle Help File Builder\PresentationStyles\VS2010\scripts\branding.js -&gt; C:\Projects\webdriver\build\docs\dotnet\web\Working\Output\Website\scripts\branding.js
C:\Program Files (x86)\EWSoftware\Sandcastle Help File Builder\PresentationStyles\VS2010\styles\branding-cs-CZ.css -&gt; C:\Projects\webdriver\build\docs\dotnet\web\Working\Output\Website\styles\branding-cs-CZ.css
C:\Program Files (x86)\EWSoftware\Sandcastle Help File Builder\PresentationStyles\VS2010\styles\branding-de-DE.css -&gt; C:\Projects\webdriver\build\docs\dotnet\web\Working\Output\Website\styles\branding-de-DE.css
C:\Program Files (x86)\EWSoftware\Sandcastle Help File Builder\PresentationStyles\VS2010\styles\branding-en-US.css -&gt; C:\Projects\webdriver\build\docs\dotnet\web\Working\Output\Website\styles\branding-en-US.css
C:\Program Files (x86)\EWSoftware\Sandcastle Help File Builder\PresentationStyles\VS2010\styles\branding-es-ES.css -&gt; C:\Projects\webdriver\build\docs\dotnet\web\Working\Output\Website\styles\branding-es-ES.css
C:\Program Files (x86)\EWSoftware\Sandcastle Help File Builder\PresentationStyles\VS2010\styles\branding-fr-FR.css -&gt; C:\Projects\webdriver\build\docs\dotnet\web\Working\Output\Website\styles\branding-fr-FR.css
C:\Program Files (x86)\EWSoftware\Sandcastle Help File Builder\PresentationStyles\VS2010\styles\branding-Help1.css -&gt; C:\Projects\webdriver\build\docs\dotnet\web\Working\Output\Website\styles\branding-Help1.css
C:\Program Files (x86)\EWSoftware\Sandcastle Help File Builder\PresentationStyles\VS2010\styles\branding-HelpViewer.css -&gt; C:\Projects\webdriver\build\docs\dotnet\web\Working\Output\Website\styles\branding-HelpViewer.css
C:\Program Files (x86)\EWSoftware\Sandcastle Help File Builder\PresentationStyles\VS2010\styles\branding-it-IT.css -&gt; C:\Projects\webdriver\build\docs\dotnet\web\Working\Output\Website\styles\branding-it-IT.css
C:\Program Files (x86)\EWSoftware\Sandcastle Help File Builder\PresentationStyles\VS2010\styles\branding-ja-JP.css -&gt; C:\Projects\webdriver\build\docs\dotnet\web\Working\Output\Website\styles\branding-ja-JP.css
C:\Program Files (x86)\EWSoftware\Sandcastle Help File Builder\PresentationStyles\VS2010\styles\branding-ko-KR.css -&gt; C:\Projects\webdriver\build\docs\dotnet\web\Working\Output\Website\styles\branding-ko-KR.css
C:\Program Files (x86)\EWSoftware\Sandcastle Help File Builder\PresentationStyles\VS2010\styles\branding-pl-PL.css -&gt; C:\Projects\webdriver\build\docs\dotnet\web\Working\Output\Website\styles\branding-pl-PL.css
C:\Program Files (x86)\EWSoftware\Sandcastle Help File Builder\PresentationStyles\VS2010\styles\branding-pt-BR.css -&gt; C:\Projects\webdriver\build\docs\dotnet\web\Working\Output\Website\styles\branding-pt-BR.css
C:\Program Files (x86)\EWSoftware\Sandcastle Help File Builder\PresentationStyles\VS2010\styles\branding-ru-RU.css -&gt; C:\Projects\webdriver\build\docs\dotnet\web\Working\Output\Website\styles\branding-ru-RU.css
C:\Program Files (x86)\EWSoftware\Sandcastle Help File Builder\PresentationStyles\VS2010\styles\branding-tr-TR.css -&gt; C:\Projects\webdriver\build\docs\dotnet\web\Working\Output\Website\styles\branding-tr-TR.css
C:\Program Files (x86)\EWSoftware\Sandcastle Help File Builder\PresentationStyles\VS2010\styles\branding-zh-CN.css -&gt; C:\Projects\webdriver\build\docs\dotnet\web\Working\Output\Website\styles\branding-zh-CN.css
C:\Program Files (x86)\EWSoftware\Sandcastle Help File Builder\PresentationStyles\VS2010\styles\branding-zh-TW.css -&gt; C:\Projects\webdriver\build\docs\dotnet\web\Working\Output\Website\styles\branding-zh-TW.css
C:\Program Files (x86)\EWSoftware\Sandcastle Help File Builder\PresentationStyles\VS2010\styles\branding.css -&gt; C:\Projects\webdriver\build\docs\dotnet\web\Working\Output\Website\styles\branding.css
C:\Program Files (x86)\EWSoftware\Sandcastle Help File Builder\PresentationStyles\VS2010\..\LegacyWeb\CloseSearch.png -&gt; C:\Projects\webdriver\build\docs\dotnet\web\Working\Output\Website\CloseSearch.png
C:\Program Files (x86)\EWSoftware\Sandcastle Help File Builder\PresentationStyles\VS2010\..\LegacyWeb\CollapseAll.png -&gt; C:\Projects\webdriver\build\docs\dotnet\web\Working\Output\Website\CollapseAll.png
C:\Program Files (x86)\EWSoftware\Sandcastle Help File Builder\PresentationStyles\VS2010\..\LegacyWeb\Collapsed.gif -&gt; C:\Projects\webdriver\build\docs\dotnet\web\Working\Output\Website\Collapsed.gif
C:\Program Files (x86)\EWSoftware\Sandcastle Help File Builder\PresentationStyles\VS2010\..\LegacyWeb\Expanded.gif -&gt; C:\Projects\webdriver\build\docs\dotnet\web\Working\Output\Website\Expanded.gif
C:\Program Files (x86)\EWSoftware\Sandcastle Help File Builder\PresentationStyles\VS2010\..\LegacyWeb\favicon.ico -&gt; C:\Projects\webdriver\build\docs\dotnet\web\Working\Output\Website\favicon.ico
C:\Program Files (x86)\EWSoftware\Sandcastle Help File Builder\PresentationStyles\VS2010\..\LegacyWeb\FillNode.aspx -&gt; C:\Projects\webdriver\build\docs\dotnet\web\Working\Output\Website\FillNode.aspx
C:\Program Files (x86)\EWSoftware\Sandcastle Help File Builder\PresentationStyles\VS2010\..\LegacyWeb\FillNode.php -&gt; C:\Projects\webdriver\build\docs\dotnet\web\Working\Output\Website\FillNode.php
C:\Program Files (x86)\EWSoftware\Sandcastle Help File Builder\PresentationStyles\VS2010\..\LegacyWeb\Index.aspx -&gt; C:\Projects\webdriver\build\docs\dotnet\web\Working\Output\Website\Index.aspx
C:\Program Files (x86)\EWSoftware\Sandcastle Help File Builder\PresentationStyles\VS2010\..\LegacyWeb\Index.gif -&gt; C:\Projects\webdriver\build\docs\dotnet\web\Working\Output\Website\Index.gif
C:\Program Files (x86)\EWSoftware\Sandcastle Help File Builder\PresentationStyles\VS2010\..\LegacyWeb\index.html -&gt; C:\Projects\webdriver\build\docs\dotnet\web\Working\Output\Website\index.html
C:\Program Files (x86)\EWSoftware\Sandcastle Help File Builder\PresentationStyles\VS2010\..\LegacyWeb\index.php -&gt; C:\Projects\webdriver\build\docs\dotnet\web\Working\Output\Website\index.php
C:\Program Files (x86)\EWSoftware\Sandcastle Help File Builder\PresentationStyles\VS2010\..\LegacyWeb\Item.gif -&gt; C:\Projects\webdriver\build\docs\dotnet\web\Working\Output\Website\Item.gif
C:\Program Files (x86)\EWSoftware\Sandcastle Help File Builder\PresentationStyles\VS2010\..\LegacyWeb\LoadIndexKeywords.aspx -&gt; C:\Projects\webdriver\build\docs\dotnet\web\Working\Output\Website\LoadIndexKeywords.aspx
C:\Program Files (x86)\EWSoftware\Sandcastle Help File Builder\PresentationStyles\VS2010\..\LegacyWeb\LoadIndexKeywords.php -&gt; C:\Projects\webdriver\build\docs\dotnet\web\Working\Output\Website\LoadIndexKeywords.php
C:\Program Files (x86)\EWSoftware\Sandcastle Help File Builder\PresentationStyles\VS2010\..\LegacyWeb\Search.gif -&gt; C:\Projects\webdriver\build\docs\dotnet\web\Working\Output\Website\Search.gif
C:\Program Files (x86)\EWSoftware\Sandcastle Help File Builder\PresentationStyles\VS2010\..\LegacyWeb\SearchHelp.aspx -&gt; C:\Projects\webdriver\build\docs\dotnet\web\Working\Output\Website\SearchHelp.aspx
C:\Program Files (x86)\EWSoftware\Sandcastle Help File Builder\PresentationStyles\VS2010\..\LegacyWeb\SearchHelp.inc.php -&gt; C:\Projects\webdriver\build\docs\dotnet\web\Working\Output\Website\SearchHelp.inc.php
C:\Program Files (x86)\EWSoftware\Sandcastle Help File Builder\PresentationStyles\VS2010\..\LegacyWeb\SearchHelp.php -&gt; C:\Projects\webdriver\build\docs\dotnet\web\Working\Output\Website\SearchHelp.php
C:\Program Files (x86)\EWSoftware\Sandcastle Help File Builder\PresentationStyles\VS2010\..\LegacyWeb\Splitter.gif -&gt; C:\Projects\webdriver\build\docs\dotnet\web\Working\Output\Website\Splitter.gif
C:\Program Files (x86)\EWSoftware\Sandcastle Help File Builder\PresentationStyles\VS2010\..\LegacyWeb\SyncTOC.gif -&gt; C:\Projects\webdriver\build\docs\dotnet\web\Working\Output\Website\SyncTOC.gif
C:\Program Files (x86)\EWSoftware\Sandcastle Help File Builder\PresentationStyles\VS2010\..\LegacyWeb\TOC.css -&gt; C:\Projects\webdriver\build\docs\dotnet\web\Working\Output\Website\TOC.css
C:\Program Files (x86)\EWSoftware\Sandcastle Help File Builder\PresentationStyles\VS2010\..\LegacyWeb\TOC.js -&gt; C:\Projects\webdriver\build\docs\dotnet\web\Working\Output\Website\TOC.js
C:\Program Files (x86)\EWSoftware\Sandcastle Help File Builder\PresentationStyles\VS2010\..\LegacyWeb\Web.Config -&gt; C:\Projects\webdriver\build\docs\dotnet\web\Working\Output\Website\Web.Config
    Last step completed in 00:00:00.7646
</buildStep>
<buildStep step="GenerateHelpFormatTableOfContents">
Generating HTML Help 1 table of contents file...
    Last step completed in 00:00:00.0000
</buildStep>
<buildStep step="GenerateHelpFileIndex">
Generating HTML Help 1 index file...
    Last step completed in 00:00:00.0000
</buildStep>
<buildStep step="GenerateHelpProject">
Generating HTML Help 1 project file...
    Last step completed in 00:00:00.0466
</buildStep>
<buildStep step="CompilingHelpFile">
Compiling HTML Help 1 file...
[C:\Windows\Microsoft.NET\Framework\v4.0.30319\MSBuild.exe - Build1xHelpFile.proj]
Project file contains ToolsVersion=&quot;12.0&quot;. This toolset may be unknown or missing, in which case you may be able to resolve this by installing the appropriate version of MSBuild, or the build may have been forced to a particular ToolsVersion for policy reasons. Treating the project as if it had ToolsVersion=&quot;4.0&quot;. For more information, please see http://go.microsoft.com/fwlink/?LinkId=291333.
  Microsoft HTML Help Compiler 4.74.8702
  
  
  
  Compiling c:\Projects\webdriver\build\docs\dotnet\web\Working\Output\HtmlHelp1\WebDriver.chm
  
  
  
  
  
  Compile time: 0 minutes, 10 seconds
  
  2,344	Topics
  
  29,691	Local links
  
  7,536	Internet links
  
  0	Graphics
  
  
  
  
  
  Created c:\Projects\webdriver\build\docs\dotnet\web\Working\Output\HtmlHelp1\WebDriver.chm, 2,397,914 bytes
  
  Compression decreased file by 20,886,761 bytes.
  
    Last step completed in 00:00:10.4996
</buildStep>
<buildStep step="GenerateHelpFormatTableOfContents">
Generating website table of contents file...
    Last step completed in 00:00:00.0000
</buildStep>
<buildStep step="GenerateFullTextIndex">
Generating full-text index for the website...

    Last step completed in 00:00:04.1874
</buildStep>
<buildStep step="CopyingWebsiteFiles">
Copying website files to output folder...

Copied 500 files
Copied 1000 files
Copied 1500 files
Copied 2000 files
Copied 2457 files for the website content
    Last step completed in 00:00:02.9530
</buildStep>
<buildStep step="CleanIntermediates">
Removing intermediate files...
    Last step completed in 00:00:01.4218
</buildStep>
<buildStep step="Completed">

Build completed successfully at 2/16/2017 8:07:09 AM.  Total time: 00:02:51.3535

</buildStep>
</shfbBuild>
